{"$message_type":"diagnostic","message":"cannot find attribute `get` in this scope","code":null,"level":"error","spans":[{"file_name":"src/handlers/auth.rs","byte_start":2430,"byte_end":2433,"line_start":83,"line_end":83,"column_start":3,"column_end":6,"is_primary":true,"text":[{"text":"#[get(\"/auth/verify\")]","highlight_start":3,"highlight_end":6}],"label":null,"suggested_replacement":null,"suggestion_applicability":null,"expansion":null}],"children":[{"message":"consider importing this attribute macro","code":null,"level":"help","spans":[{"file_name":"src/handlers/auth.rs","byte_start":0,"byte_end":0,"line_start":1,"line_end":1,"column_start":1,"column_end":1,"is_primary":true,"text":[{"text":"use actix_web::{web, HttpResponse, Responder};","highlight_start":1,"highlight_end":1}],"label":null,"suggested_replacement":"use actix_web::get;\n","suggestion_applicability":"MaybeIncorrect","expansion":null}],"children":[],"rendered":null}],"rendered":"\u001b[0m\u001b[1m\u001b[38;5;9merror\u001b[0m\u001b[0m\u001b[1m: cannot find attribute `get` in this scope\u001b[0m\n\u001b[0m  \u001b[0m\u001b[0m\u001b[1m\u001b[38;5;12m--> \u001b[0m\u001b[0msrc/handlers/auth.rs:83:3\u001b[0m\n\u001b[0m   \u001b[0m\u001b[0m\u001b[1m\u001b[38;5;12m|\u001b[0m\n\u001b[0m\u001b[1m\u001b[38;5;12m83\u001b[0m\u001b[0m \u001b[0m\u001b[0m\u001b[1m\u001b[38;5;12m|\u001b[0m\u001b[0m \u001b[0m\u001b[0m#[get(\"/auth/verify\")]\u001b[0m\n\u001b[0m   \u001b[0m\u001b[0m\u001b[1m\u001b[38;5;12m|\u001b[0m\u001b[0m   \u001b[0m\u001b[0m\u001b[1m\u001b[38;5;9m^^^\u001b[0m\n\u001b[0m   \u001b[0m\u001b[0m\u001b[1m\u001b[38;5;12m|\u001b[0m\n\u001b[0m\u001b[1m\u001b[38;5;14mhelp\u001b[0m\u001b[0m: consider importing this attribute macro\u001b[0m\n\u001b[0m   \u001b[0m\u001b[0m\u001b[1m\u001b[38;5;12m|\u001b[0m\n\u001b[0m\u001b[1m\u001b[38;5;12m1\u001b[0m\u001b[0m  \u001b[0m\u001b[0m\u001b[38;5;10m+ use actix_web::get;\u001b[0m\n\u001b[0m   \u001b[0m\u001b[0m\u001b[1m\u001b[38;5;12m|\u001b[0m\n\n"}
{"$message_type":"diagnostic","message":"cannot find attribute `post` in this scope","code":null,"level":"error","spans":[{"file_name":"src/handlers/auth.rs","byte_start":1596,"byte_end":1600,"line_start":55,"line_end":55,"column_start":3,"column_end":7,"is_primary":true,"text":[{"text":"#[post(\"/auth/login\")]","highlight_start":3,"highlight_end":7}],"label":null,"suggested_replacement":null,"suggestion_applicability":null,"expansion":null}],"children":[{"message":"consider importing this attribute macro","code":null,"level":"help","spans":[{"file_name":"src/handlers/auth.rs","byte_start":0,"byte_end":0,"line_start":1,"line_end":1,"column_start":1,"column_end":1,"is_primary":true,"text":[{"text":"use actix_web::{web, HttpResponse, Responder};","highlight_start":1,"highlight_end":1}],"label":null,"suggested_replacement":"use actix_web::post;\n","suggestion_applicability":"MaybeIncorrect","expansion":null}],"children":[],"rendered":null}],"rendered":"\u001b[0m\u001b[1m\u001b[38;5;9merror\u001b[0m\u001b[0m\u001b[1m: cannot find attribute `post` in this scope\u001b[0m\n\u001b[0m  \u001b[0m\u001b[0m\u001b[1m\u001b[38;5;12m--> \u001b[0m\u001b[0msrc/handlers/auth.rs:55:3\u001b[0m\n\u001b[0m   \u001b[0m\u001b[0m\u001b[1m\u001b[38;5;12m|\u001b[0m\n\u001b[0m\u001b[1m\u001b[38;5;12m55\u001b[0m\u001b[0m \u001b[0m\u001b[0m\u001b[1m\u001b[38;5;12m|\u001b[0m\u001b[0m \u001b[0m\u001b[0m#[post(\"/auth/login\")]\u001b[0m\n\u001b[0m   \u001b[0m\u001b[0m\u001b[1m\u001b[38;5;12m|\u001b[0m\u001b[0m   \u001b[0m\u001b[0m\u001b[1m\u001b[38;5;9m^^^^\u001b[0m\n\u001b[0m   \u001b[0m\u001b[0m\u001b[1m\u001b[38;5;12m|\u001b[0m\n\u001b[0m\u001b[1m\u001b[38;5;14mhelp\u001b[0m\u001b[0m: consider importing this attribute macro\u001b[0m\n\u001b[0m   \u001b[0m\u001b[0m\u001b[1m\u001b[38;5;12m|\u001b[0m\n\u001b[0m\u001b[1m\u001b[38;5;12m1\u001b[0m\u001b[0m  \u001b[0m\u001b[0m\u001b[38;5;10m+ use actix_web::post;\u001b[0m\n\u001b[0m   \u001b[0m\u001b[0m\u001b[1m\u001b[38;5;12m|\u001b[0m\n\n"}
{"$message_type":"diagnostic","message":"cannot find attribute `post` in this scope","code":null,"level":"error","spans":[{"file_name":"src/handlers/auth.rs","byte_start":661,"byte_end":665,"line_start":26,"line_end":26,"column_start":3,"column_end":7,"is_primary":true,"text":[{"text":"#[post(\"/auth/register\")]","highlight_start":3,"highlight_end":7}],"label":null,"suggested_replacement":null,"suggestion_applicability":null,"expansion":null}],"children":[{"message":"consider importing this attribute macro","code":null,"level":"help","spans":[{"file_name":"src/handlers/auth.rs","byte_start":0,"byte_end":0,"line_start":1,"line_end":1,"column_start":1,"column_end":1,"is_primary":true,"text":[{"text":"use actix_web::{web, HttpResponse, Responder};","highlight_start":1,"highlight_end":1}],"label":null,"suggested_replacement":"use actix_web::post;\n","suggestion_applicability":"MaybeIncorrect","expansion":null}],"children":[],"rendered":null}],"rendered":"\u001b[0m\u001b[1m\u001b[38;5;9merror\u001b[0m\u001b[0m\u001b[1m: cannot find attribute `post` in this scope\u001b[0m\n\u001b[0m  \u001b[0m\u001b[0m\u001b[1m\u001b[38;5;12m--> \u001b[0m\u001b[0msrc/handlers/auth.rs:26:3\u001b[0m\n\u001b[0m   \u001b[0m\u001b[0m\u001b[1m\u001b[38;5;12m|\u001b[0m\n\u001b[0m\u001b[1m\u001b[38;5;12m26\u001b[0m\u001b[0m \u001b[0m\u001b[0m\u001b[1m\u001b[38;5;12m|\u001b[0m\u001b[0m \u001b[0m\u001b[0m#[post(\"/auth/register\")]\u001b[0m\n\u001b[0m   \u001b[0m\u001b[0m\u001b[1m\u001b[38;5;12m|\u001b[0m\u001b[0m   \u001b[0m\u001b[0m\u001b[1m\u001b[38;5;9m^^^^\u001b[0m\n\u001b[0m   \u001b[0m\u001b[0m\u001b[1m\u001b[38;5;12m|\u001b[0m\n\u001b[0m\u001b[1m\u001b[38;5;14mhelp\u001b[0m\u001b[0m: consider importing this attribute macro\u001b[0m\n\u001b[0m   \u001b[0m\u001b[0m\u001b[1m\u001b[38;5;12m|\u001b[0m\n\u001b[0m\u001b[1m\u001b[38;5;12m1\u001b[0m\u001b[0m  \u001b[0m\u001b[0m\u001b[38;5;10m+ use actix_web::post;\u001b[0m\n\u001b[0m   \u001b[0m\u001b[0m\u001b[1m\u001b[38;5;12m|\u001b[0m\n\n"}
{"$message_type":"diagnostic","message":"cannot find derive macro `Deserialize` in this scope","code":null,"level":"error","spans":[{"file_name":"src/handlers/auth.rs","byte_start":570,"byte_end":581,"line_start":20,"line_end":20,"column_start":10,"column_end":21,"is_primary":true,"text":[{"text":"#[derive(Deserialize)]","highlight_start":10,"highlight_end":21}],"label":null,"suggested_replacement":null,"suggestion_applicability":null,"expansion":null}],"children":[{"message":"consider importing this derive macro","code":null,"level":"help","spans":[{"file_name":"src/handlers/auth.rs","byte_start":0,"byte_end":0,"line_start":1,"line_end":1,"column_start":1,"column_end":1,"is_primary":true,"text":[{"text":"use actix_web::{web, HttpResponse, Responder};","highlight_start":1,"highlight_end":1}],"label":null,"suggested_replacement":"use serde::Deserialize;\n","suggestion_applicability":"MaybeIncorrect","expansion":null}],"children":[],"rendered":null}],"rendered":"\u001b[0m\u001b[1m\u001b[38;5;9merror\u001b[0m\u001b[0m\u001b[1m: cannot find derive macro `Deserialize` in this scope\u001b[0m\n\u001b[0m  \u001b[0m\u001b[0m\u001b[1m\u001b[38;5;12m--> \u001b[0m\u001b[0msrc/handlers/auth.rs:20:10\u001b[0m\n\u001b[0m   \u001b[0m\u001b[0m\u001b[1m\u001b[38;5;12m|\u001b[0m\n\u001b[0m\u001b[1m\u001b[38;5;12m20\u001b[0m\u001b[0m \u001b[0m\u001b[0m\u001b[1m\u001b[38;5;12m|\u001b[0m\u001b[0m \u001b[0m\u001b[0m#[derive(Deserialize)]\u001b[0m\n\u001b[0m   \u001b[0m\u001b[0m\u001b[1m\u001b[38;5;12m|\u001b[0m\u001b[0m          \u001b[0m\u001b[0m\u001b[1m\u001b[38;5;9m^^^^^^^^^^^\u001b[0m\n\u001b[0m   \u001b[0m\u001b[0m\u001b[1m\u001b[38;5;12m|\u001b[0m\n\u001b[0m\u001b[1m\u001b[38;5;14mhelp\u001b[0m\u001b[0m: consider importing this derive macro\u001b[0m\n\u001b[0m   \u001b[0m\u001b[0m\u001b[1m\u001b[38;5;12m|\u001b[0m\n\u001b[0m\u001b[1m\u001b[38;5;12m1\u001b[0m\u001b[0m  \u001b[0m\u001b[0m\u001b[38;5;10m+ use serde::Deserialize;\u001b[0m\n\u001b[0m   \u001b[0m\u001b[0m\u001b[1m\u001b[38;5;12m|\u001b[0m\n\n"}
{"$message_type":"diagnostic","message":"cannot find derive macro `Deserialize` in this scope","code":null,"level":"error","spans":[{"file_name":"src/handlers/auth.rs","byte_start":414,"byte_end":425,"line_start":12,"line_end":12,"column_start":10,"column_end":21,"is_primary":true,"text":[{"text":"#[derive(Deserialize)]","highlight_start":10,"highlight_end":21}],"label":null,"suggested_replacement":null,"suggestion_applicability":null,"expansion":null}],"children":[{"message":"consider importing this derive macro","code":null,"level":"help","spans":[{"file_name":"src/handlers/auth.rs","byte_start":0,"byte_end":0,"line_start":1,"line_end":1,"column_start":1,"column_end":1,"is_primary":true,"text":[{"text":"use actix_web::{web, HttpResponse, Responder};","highlight_start":1,"highlight_end":1}],"label":null,"suggested_replacement":"use serde::Deserialize;\n","suggestion_applicability":"MaybeIncorrect","expansion":null}],"children":[],"rendered":null}],"rendered":"\u001b[0m\u001b[1m\u001b[38;5;9merror\u001b[0m\u001b[0m\u001b[1m: cannot find derive macro `Deserialize` in this scope\u001b[0m\n\u001b[0m  \u001b[0m\u001b[0m\u001b[1m\u001b[38;5;12m--> \u001b[0m\u001b[0msrc/handlers/auth.rs:12:10\u001b[0m\n\u001b[0m   \u001b[0m\u001b[0m\u001b[1m\u001b[38;5;12m|\u001b[0m\n\u001b[0m\u001b[1m\u001b[38;5;12m12\u001b[0m\u001b[0m \u001b[0m\u001b[0m\u001b[1m\u001b[38;5;12m|\u001b[0m\u001b[0m \u001b[0m\u001b[0m#[derive(Deserialize)]\u001b[0m\n\u001b[0m   \u001b[0m\u001b[0m\u001b[1m\u001b[38;5;12m|\u001b[0m\u001b[0m          \u001b[0m\u001b[0m\u001b[1m\u001b[38;5;9m^^^^^^^^^^^\u001b[0m\n\u001b[0m   \u001b[0m\u001b[0m\u001b[1m\u001b[38;5;12m|\u001b[0m\n\u001b[0m\u001b[1m\u001b[38;5;14mhelp\u001b[0m\u001b[0m: consider importing this derive macro\u001b[0m\n\u001b[0m   \u001b[0m\u001b[0m\u001b[1m\u001b[38;5;12m|\u001b[0m\n\u001b[0m\u001b[1m\u001b[38;5;12m1\u001b[0m\u001b[0m  \u001b[0m\u001b[0m\u001b[38;5;10m+ use serde::Deserialize;\u001b[0m\n\u001b[0m   \u001b[0m\u001b[0m\u001b[1m\u001b[38;5;12m|\u001b[0m\n\n"}
{"$message_type":"diagnostic","message":"failed to resolve: could not find `Config` in `argon2`","code":{"code":"E0433","explanation":"An undeclared crate, module, or type was used.\n\nErroneous code example:\n\n```compile_fail,E0433\nlet map = HashMap::new();\n// error: failed to resolve: use of undeclared type `HashMap`\n```\n\nPlease verify you didn't misspell the type/module's name or that you didn't\nforget to import it:\n\n```\nuse std::collections::HashMap; // HashMap has been imported.\nlet map: HashMap<u32, u32> = HashMap::new(); // So it can be used!\n```\n\nIf you've expected to use a crate name:\n\n```compile_fail\nuse ferris_wheel::BigO;\n// error: failed to resolve: use of undeclared crate or module `ferris_wheel`\n```\n\nMake sure the crate has been added as a dependency in `Cargo.toml`.\n\nTo use a module from your current crate, add the `crate::` prefix to the path.\n"},"level":"error","spans":[{"file_name":"src/handlers/auth.rs","byte_start":1005,"byte_end":1011,"line_start":33,"line_end":33,"column_start":141,"column_end":147,"is_primary":true,"text":[{"text":"    let hashed_password = argon2::hash_encoded(item.password.as_bytes(), SaltString::generate(&mut rand::thread_rng()).as_bytes(), &argon2::Config::default())","highlight_start":141,"highlight_end":147}],"label":"could not find `Config` in `argon2`","suggested_replacement":null,"suggestion_applicability":null,"expansion":null}],"children":[],"rendered":"\u001b[0m\u001b[1m\u001b[38;5;9merror[E0433]\u001b[0m\u001b[0m\u001b[1m: failed to resolve: could not find `Config` in `argon2`\u001b[0m\n\u001b[0m  \u001b[0m\u001b[0m\u001b[1m\u001b[38;5;12m--> \u001b[0m\u001b[0msrc/handlers/auth.rs:33:141\u001b[0m\n\u001b[0m   \u001b[0m\u001b[0m\u001b[1m\u001b[38;5;12m|\u001b[0m\n\u001b[0m\u001b[1m\u001b[38;5;12m33\u001b[0m\u001b[0m \u001b[0m\u001b[0m\u001b[1m\u001b[38;5;12m|\u001b[0m\u001b[0m \u001b[0m\u001b[0m\u001b[1m\u001b[38;5;12m...\u001b[0m\u001b[0m&mut rand::thread_rng()).as_bytes(), &argon2::Config::default())\u001b[0m\n\u001b[0m   \u001b[0m\u001b[0m\u001b[1m\u001b[38;5;12m|\u001b[0m\u001b[0m                                                  \u001b[0m\u001b[0m\u001b[1m\u001b[38;5;9m^^^^^^\u001b[0m\u001b[0m \u001b[0m\u001b[0m\u001b[1m\u001b[38;5;9mcould not find `Config` in `argon2`\u001b[0m\n\n"}
{"$message_type":"diagnostic","message":"cannot find function `hash_encoded` in crate `argon2`","code":{"code":"E0425","explanation":"An unresolved name was used.\n\nErroneous code examples:\n\n```compile_fail,E0425\nsomething_that_doesnt_exist::foo;\n// error: unresolved name `something_that_doesnt_exist::foo`\n\n// or:\n\ntrait Foo {\n    fn bar() {\n        Self; // error: unresolved name `Self`\n    }\n}\n\n// or:\n\nlet x = unknown_variable;  // error: unresolved name `unknown_variable`\n```\n\nPlease verify that the name wasn't misspelled and ensure that the\nidentifier being referred to is valid for the given situation. Example:\n\n```\nenum something_that_does_exist {\n    Foo,\n}\n```\n\nOr:\n\n```\nmod something_that_does_exist {\n    pub static foo : i32 = 0i32;\n}\n\nsomething_that_does_exist::foo; // ok!\n```\n\nOr:\n\n```\nlet unknown_variable = 12u32;\nlet x = unknown_variable; // ok!\n```\n\nIf the item is not defined in the current module, it must be imported using a\n`use` statement, like so:\n\n```\n# mod foo { pub fn bar() {} }\n# fn main() {\nuse foo::bar;\nbar();\n# }\n```\n\nIf the item you are importing is not defined in some super-module of the\ncurrent module, then it must also be declared as public (e.g., `pub fn`).\n"},"level":"error","spans":[{"file_name":"src/handlers/auth.rs","byte_start":899,"byte_end":911,"line_start":33,"line_end":33,"column_start":35,"column_end":47,"is_primary":true,"text":[{"text":"    let hashed_password = argon2::hash_encoded(item.password.as_bytes(), SaltString::generate(&mut rand::thread_rng()).as_bytes(), &argon2::Config::default())","highlight_start":35,"highlight_end":47}],"label":"not found in `argon2`","suggested_replacement":null,"suggestion_applicability":null,"expansion":null}],"children":[],"rendered":"\u001b[0m\u001b[1m\u001b[38;5;9merror[E0425]\u001b[0m\u001b[0m\u001b[1m: cannot find function `hash_encoded` in crate `argon2`\u001b[0m\n\u001b[0m  \u001b[0m\u001b[0m\u001b[1m\u001b[38;5;12m--> \u001b[0m\u001b[0msrc/handlers/auth.rs:33:35\u001b[0m\n\u001b[0m   \u001b[0m\u001b[0m\u001b[1m\u001b[38;5;12m|\u001b[0m\n\u001b[0m\u001b[1m\u001b[38;5;12m33\u001b[0m\u001b[0m \u001b[0m\u001b[0m\u001b[1m\u001b[38;5;12m|\u001b[0m\u001b[0m \u001b[0m\u001b[0m    let hashed_password = argon2::hash_encoded(item.password.as_bytes(), SaltString::generate(&mut rand::thread_rng()).as_bytes(), &argon\u001b[0m\u001b[0m\u001b[1m\u001b[38;5;12m...\u001b[0m\n\u001b[0m   \u001b[0m\u001b[0m\u001b[1m\u001b[38;5;12m|\u001b[0m\u001b[0m                                   \u001b[0m\u001b[0m\u001b[1m\u001b[38;5;9m^^^^^^^^^^^^\u001b[0m\u001b[0m \u001b[0m\u001b[0m\u001b[1m\u001b[38;5;9mnot found in `argon2`\u001b[0m\n\n"}
{"$message_type":"diagnostic","message":"cannot find type `image_uri` in module `places`","code":{"code":"E0412","explanation":"A used type name is not in scope.\n\nErroneous code examples:\n\n```compile_fail,E0412\nimpl Something {} // error: type name `Something` is not in scope\n\n// or:\n\ntrait Foo {\n    fn bar(N); // error: type name `N` is not in scope\n}\n\n// or:\n\nfn foo(x: T) {} // type name `T` is not in scope\n```\n\nTo fix this error, please verify you didn't misspell the type name, you did\ndeclare it or imported it into the scope. Examples:\n\n```\nstruct Something;\n\nimpl Something {} // ok!\n\n// or:\n\ntrait Foo {\n    type N;\n\n    fn bar(_: Self::N); // ok!\n}\n\n// or:\n\nfn foo<T>(x: T) {} // ok!\n```\n\nAnother case that causes this error is when a type is imported into a parent\nmodule. To fix this, you can follow the suggestion and use File directly or\n`use super::File;` which will import the types from the parent namespace. An\nexample that causes this error is below:\n\n```compile_fail,E0412\nuse std::fs::File;\n\nmod foo {\n    fn some_function(f: File) {}\n}\n```\n\n```\nuse std::fs::File;\n\nmod foo {\n    // either\n    use super::File;\n    // or\n    // use std::fs::File;\n    fn foo(f: File) {}\n}\n# fn main() {} // don't insert it for us; that'll break imports\n```\n"},"level":"error","spans":[{"file_name":"src/schema.rs","byte_start":517,"byte_end":525,"line_start":19,"line_end":19,"column_start":9,"column_end":17,"is_primary":false,"text":[{"text":"        imageUri -> Nullable<Varchar>,","highlight_start":9,"highlight_end":17}],"label":"similarly named struct `imageUri` defined here","suggested_replacement":null,"suggestion_applicability":null,"expansion":null},{"file_name":"src/models.rs","byte_start":1679,"byte_end":1688,"line_start":61,"line_end":61,"column_start":9,"column_end":18,"is_primary":true,"text":[{"text":"    pub image_uri: Option<String>,","highlight_start":9,"highlight_end":18}],"label":null,"suggested_replacement":null,"suggestion_applicability":null,"expansion":null}],"children":[{"message":"a struct with a similar name exists","code":null,"level":"help","spans":[{"file_name":"src/models.rs","byte_start":1679,"byte_end":1688,"line_start":61,"line_end":61,"column_start":9,"column_end":18,"is_primary":true,"text":[{"text":"    pub image_uri: Option<String>,","highlight_start":9,"highlight_end":18}],"label":null,"suggested_replacement":"imageUri","suggestion_applicability":"MaybeIncorrect","expansion":null}],"children":[],"rendered":null}],"rendered":"\u001b[0m\u001b[1m\u001b[38;5;9merror[E0412]\u001b[0m\u001b[0m\u001b[1m: cannot find type `image_uri` in module `places`\u001b[0m\n\u001b[0m  \u001b[0m\u001b[0m\u001b[1m\u001b[38;5;12m--> \u001b[0m\u001b[0msrc/models.rs:61:9\u001b[0m\n\u001b[0m   \u001b[0m\u001b[0m\u001b[1m\u001b[38;5;12m|\u001b[0m\n\u001b[0m\u001b[1m\u001b[38;5;12m61\u001b[0m\u001b[0m \u001b[0m\u001b[0m\u001b[1m\u001b[38;5;12m|\u001b[0m\u001b[0m \u001b[0m\u001b[0m    pub image_uri: Option<String>,\u001b[0m\n\u001b[0m   \u001b[0m\u001b[0m\u001b[1m\u001b[38;5;12m|\u001b[0m\u001b[0m         \u001b[0m\u001b[0m\u001b[1m\u001b[38;5;9m^^^^^^^^^\u001b[0m\u001b[0m \u001b[0m\u001b[0m\u001b[1m\u001b[38;5;9mhelp: a struct with a similar name exists: `imageUri`\u001b[0m\n\u001b[0m   \u001b[0m\u001b[0m\u001b[1m\u001b[38;5;12m|\u001b[0m\n\u001b[0m  \u001b[0m\u001b[0m\u001b[1m\u001b[38;5;12m::: \u001b[0m\u001b[0msrc/schema.rs:19:9\u001b[0m\n\u001b[0m   \u001b[0m\u001b[0m\u001b[1m\u001b[38;5;12m|\u001b[0m\n\u001b[0m\u001b[1m\u001b[38;5;12m19\u001b[0m\u001b[0m \u001b[0m\u001b[0m\u001b[1m\u001b[38;5;12m|\u001b[0m\u001b[0m \u001b[0m\u001b[0m        imageUri -> Nullable<Varchar>,\u001b[0m\n\u001b[0m   \u001b[0m\u001b[0m\u001b[1m\u001b[38;5;12m|\u001b[0m\u001b[0m         \u001b[0m\u001b[0m\u001b[1m\u001b[38;5;12m--------\u001b[0m\u001b[0m \u001b[0m\u001b[0m\u001b[1m\u001b[38;5;12msimilarly named struct `imageUri` defined here\u001b[0m\n\n"}
{"$message_type":"diagnostic","message":"cannot find value `image_uri` in module `places`","code":{"code":"E0425","explanation":"An unresolved name was used.\n\nErroneous code examples:\n\n```compile_fail,E0425\nsomething_that_doesnt_exist::foo;\n// error: unresolved name `something_that_doesnt_exist::foo`\n\n// or:\n\ntrait Foo {\n    fn bar() {\n        Self; // error: unresolved name `Self`\n    }\n}\n\n// or:\n\nlet x = unknown_variable;  // error: unresolved name `unknown_variable`\n```\n\nPlease verify that the name wasn't misspelled and ensure that the\nidentifier being referred to is valid for the given situation. Example:\n\n```\nenum something_that_does_exist {\n    Foo,\n}\n```\n\nOr:\n\n```\nmod something_that_does_exist {\n    pub static foo : i32 = 0i32;\n}\n\nsomething_that_does_exist::foo; // ok!\n```\n\nOr:\n\n```\nlet unknown_variable = 12u32;\nlet x = unknown_variable; // ok!\n```\n\nIf the item is not defined in the current module, it must be imported using a\n`use` statement, like so:\n\n```\n# mod foo { pub fn bar() {} }\n# fn main() {\nuse foo::bar;\nbar();\n# }\n```\n\nIf the item you are importing is not defined in some super-module of the\ncurrent module, then it must also be declared as public (e.g., `pub fn`).\n"},"level":"error","spans":[{"file_name":"src/schema.rs","byte_start":517,"byte_end":525,"line_start":19,"line_end":19,"column_start":9,"column_end":17,"is_primary":false,"text":[{"text":"        imageUri -> Nullable<Varchar>,","highlight_start":9,"highlight_end":17}],"label":"similarly named unit struct `imageUri` defined here","suggested_replacement":null,"suggestion_applicability":null,"expansion":null},{"file_name":"src/models.rs","byte_start":1679,"byte_end":1688,"line_start":61,"line_end":61,"column_start":9,"column_end":18,"is_primary":true,"text":[{"text":"    pub image_uri: Option<String>,","highlight_start":9,"highlight_end":18}],"label":null,"suggested_replacement":null,"suggestion_applicability":null,"expansion":null}],"children":[{"message":"a unit struct with a similar name exists","code":null,"level":"help","spans":[{"file_name":"src/models.rs","byte_start":1679,"byte_end":1688,"line_start":61,"line_end":61,"column_start":9,"column_end":18,"is_primary":true,"text":[{"text":"    pub image_uri: Option<String>,","highlight_start":9,"highlight_end":18}],"label":null,"suggested_replacement":"imageUri","suggestion_applicability":"MaybeIncorrect","expansion":null}],"children":[],"rendered":null}],"rendered":"\u001b[0m\u001b[1m\u001b[38;5;9merror[E0425]\u001b[0m\u001b[0m\u001b[1m: cannot find value `image_uri` in module `places`\u001b[0m\n\u001b[0m  \u001b[0m\u001b[0m\u001b[1m\u001b[38;5;12m--> \u001b[0m\u001b[0msrc/models.rs:61:9\u001b[0m\n\u001b[0m   \u001b[0m\u001b[0m\u001b[1m\u001b[38;5;12m|\u001b[0m\n\u001b[0m\u001b[1m\u001b[38;5;12m61\u001b[0m\u001b[0m \u001b[0m\u001b[0m\u001b[1m\u001b[38;5;12m|\u001b[0m\u001b[0m \u001b[0m\u001b[0m    pub image_uri: Option<String>,\u001b[0m\n\u001b[0m   \u001b[0m\u001b[0m\u001b[1m\u001b[38;5;12m|\u001b[0m\u001b[0m         \u001b[0m\u001b[0m\u001b[1m\u001b[38;5;9m^^^^^^^^^\u001b[0m\u001b[0m \u001b[0m\u001b[0m\u001b[1m\u001b[38;5;9mhelp: a unit struct with a similar name exists: `imageUri`\u001b[0m\n\u001b[0m   \u001b[0m\u001b[0m\u001b[1m\u001b[38;5;12m|\u001b[0m\n\u001b[0m  \u001b[0m\u001b[0m\u001b[1m\u001b[38;5;12m::: \u001b[0m\u001b[0msrc/schema.rs:19:9\u001b[0m\n\u001b[0m   \u001b[0m\u001b[0m\u001b[1m\u001b[38;5;12m|\u001b[0m\n\u001b[0m\u001b[1m\u001b[38;5;12m19\u001b[0m\u001b[0m \u001b[0m\u001b[0m\u001b[1m\u001b[38;5;12m|\u001b[0m\u001b[0m \u001b[0m\u001b[0m        imageUri -> Nullable<Varchar>,\u001b[0m\n\u001b[0m   \u001b[0m\u001b[0m\u001b[1m\u001b[38;5;12m|\u001b[0m\u001b[0m         \u001b[0m\u001b[0m\u001b[1m\u001b[38;5;12m--------\u001b[0m\u001b[0m \u001b[0m\u001b[0m\u001b[1m\u001b[38;5;12msimilarly named unit struct `imageUri` defined here\u001b[0m\n\n"}
{"$message_type":"diagnostic","message":"unused import: `PasswordHasher`","code":{"code":"unused_imports","explanation":null},"level":"warning","spans":[{"file_name":"src/handlers/auth.rs","byte_start":257,"byte_end":271,"line_start":7,"line_end":7,"column_start":36,"column_end":50,"is_primary":true,"text":[{"text":"use argon2::{Argon2, PasswordHash, PasswordHasher, PasswordVerifier};","highlight_start":36,"highlight_end":50}],"label":null,"suggested_replacement":null,"suggestion_applicability":null,"expansion":null}],"children":[{"message":"`#[warn(unused_imports)]` on by default","code":null,"level":"note","spans":[],"children":[],"rendered":null},{"message":"remove the unused import","code":null,"level":"help","spans":[{"file_name":"src/handlers/auth.rs","byte_start":255,"byte_end":271,"line_start":7,"line_end":7,"column_start":34,"column_end":50,"is_primary":true,"text":[{"text":"use argon2::{Argon2, PasswordHash, PasswordHasher, PasswordVerifier};","highlight_start":34,"highlight_end":50}],"label":null,"suggested_replacement":"","suggestion_applicability":"MachineApplicable","expansion":null}],"children":[],"rendered":null}],"rendered":"\u001b[0m\u001b[1m\u001b[33mwarning\u001b[0m\u001b[0m\u001b[1m: unused import: `PasswordHasher`\u001b[0m\n\u001b[0m \u001b[0m\u001b[0m\u001b[1m\u001b[38;5;12m--> \u001b[0m\u001b[0msrc/handlers/auth.rs:7:36\u001b[0m\n\u001b[0m  \u001b[0m\u001b[0m\u001b[1m\u001b[38;5;12m|\u001b[0m\n\u001b[0m\u001b[1m\u001b[38;5;12m7\u001b[0m\u001b[0m \u001b[0m\u001b[0m\u001b[1m\u001b[38;5;12m|\u001b[0m\u001b[0m \u001b[0m\u001b[0muse argon2::{Argon2, PasswordHash, PasswordHasher, PasswordVerifier};\u001b[0m\n\u001b[0m  \u001b[0m\u001b[0m\u001b[1m\u001b[38;5;12m|\u001b[0m\u001b[0m                                    \u001b[0m\u001b[0m\u001b[1m\u001b[33m^^^^^^^^^^^^^^\u001b[0m\n\u001b[0m  \u001b[0m\u001b[0m\u001b[1m\u001b[38;5;12m|\u001b[0m\n\u001b[0m  \u001b[0m\u001b[0m\u001b[1m\u001b[38;5;12m= \u001b[0m\u001b[0m\u001b[1mnote\u001b[0m\u001b[0m: `#[warn(unused_imports)]` on by default\u001b[0m\n\n"}
{"$message_type":"diagnostic","message":"mismatched types","code":{"code":"E0308","explanation":"Expected type did not match the received type.\n\nErroneous code examples:\n\n```compile_fail,E0308\nfn plus_one(x: i32) -> i32 {\n    x + 1\n}\n\nplus_one(\"Not a number\");\n//       ^^^^^^^^^^^^^^ expected `i32`, found `&str`\n\nif \"Not a bool\" {\n// ^^^^^^^^^^^^ expected `bool`, found `&str`\n}\n\nlet x: f32 = \"Not a float\";\n//     ---   ^^^^^^^^^^^^^ expected `f32`, found `&str`\n//     |\n//     expected due to this\n```\n\nThis error occurs when an expression was used in a place where the compiler\nexpected an expression of a different type. It can occur in several cases, the\nmost common being when calling a function and passing an argument which has a\ndifferent type than the matching type in the function declaration.\n"},"level":"error","spans":[{"file_name":"src/handlers/auth.rs","byte_start":1052,"byte_end":1064,"line_start":36,"line_end":36,"column_start":9,"column_end":21,"is_primary":true,"text":[{"text":"    let uuid_user_id = Uuid::new_v4().to_string(); // Generate UUID for user_id","highlight_start":9,"highlight_end":21}],"label":"expected `String`, found `uuid_user_id`","suggested_replacement":null,"suggestion_applicability":null,"expansion":null},{"file_name":"src/handlers/auth.rs","byte_start":1067,"byte_end":1093,"line_start":36,"line_end":36,"column_start":24,"column_end":50,"is_primary":false,"text":[{"text":"    let uuid_user_id = Uuid::new_v4().to_string(); // Generate UUID for user_id","highlight_start":24,"highlight_end":50}],"label":"this expression has type `std::string::String`","suggested_replacement":null,"suggestion_applicability":null,"expansion":null},{"file_name":"src/schema.rs","byte_start":793,"byte_end":805,"line_start":31,"line_end":31,"column_start":9,"column_end":21,"is_primary":false,"text":[{"text":"        uuid_user_id -> Nullable<Char>,","highlight_start":9,"highlight_end":21}],"label":"unit struct defined here","suggested_replacement":null,"suggestion_applicability":null,"expansion":null},{"file_name":"src/handlers/auth.rs","byte_start":1052,"byte_end":1064,"line_start":36,"line_end":36,"column_start":9,"column_end":21,"is_primary":true,"text":[{"text":"    let uuid_user_id = Uuid::new_v4().to_string(); // Generate UUID for user_id","highlight_start":9,"highlight_end":21}],"label":"`uuid_user_id` is interpreted as a unit struct, not a new binding","suggested_replacement":null,"suggestion_applicability":null,"expansion":null}],"children":[{"message":"introduce a new binding instead","code":null,"level":"help","spans":[{"file_name":"src/handlers/auth.rs","byte_start":1052,"byte_end":1064,"line_start":36,"line_end":36,"column_start":9,"column_end":21,"is_primary":true,"text":[{"text":"    let uuid_user_id = Uuid::new_v4().to_string(); // Generate UUID for user_id","highlight_start":9,"highlight_end":21}],"label":null,"suggested_replacement":"other_uuid_user_id","suggestion_applicability":"HasPlaceholders","expansion":null}],"children":[],"rendered":null}],"rendered":"\u001b[0m\u001b[1m\u001b[38;5;9merror[E0308]\u001b[0m\u001b[0m\u001b[1m: mismatched types\u001b[0m\n\u001b[0m  \u001b[0m\u001b[0m\u001b[1m\u001b[38;5;12m--> \u001b[0m\u001b[0msrc/handlers/auth.rs:36:9\u001b[0m\n\u001b[0m   \u001b[0m\u001b[0m\u001b[1m\u001b[38;5;12m|\u001b[0m\n\u001b[0m\u001b[1m\u001b[38;5;12m36\u001b[0m\u001b[0m \u001b[0m\u001b[0m\u001b[1m\u001b[38;5;12m|\u001b[0m\u001b[0m \u001b[0m\u001b[0m    let uuid_user_id = Uuid::new_v4().to_string(); // Generate UUID for user_id\u001b[0m\n\u001b[0m   \u001b[0m\u001b[0m\u001b[1m\u001b[38;5;12m|\u001b[0m\u001b[0m         \u001b[0m\u001b[0m\u001b[1m\u001b[38;5;9m^^^^^^^^^^^^\u001b[0m\u001b[0m   \u001b[0m\u001b[0m\u001b[1m\u001b[38;5;12m--------------------------\u001b[0m\u001b[0m \u001b[0m\u001b[0m\u001b[1m\u001b[38;5;12mthis expression has type `std::string::String`\u001b[0m\n\u001b[0m   \u001b[0m\u001b[0m\u001b[1m\u001b[38;5;12m|\u001b[0m\u001b[0m         \u001b[0m\u001b[0m\u001b[1m\u001b[38;5;9m|\u001b[0m\n\u001b[0m   \u001b[0m\u001b[0m\u001b[1m\u001b[38;5;12m|\u001b[0m\u001b[0m         \u001b[0m\u001b[0m\u001b[1m\u001b[38;5;9mexpected `String`, found `uuid_user_id`\u001b[0m\n\u001b[0m   \u001b[0m\u001b[0m\u001b[1m\u001b[38;5;12m|\u001b[0m\u001b[0m         \u001b[0m\u001b[0m\u001b[1m\u001b[38;5;9m`uuid_user_id` is interpreted as a unit struct, not a new binding\u001b[0m\n\u001b[0m   \u001b[0m\u001b[0m\u001b[1m\u001b[38;5;12m|\u001b[0m\u001b[0m         \u001b[0m\u001b[0m\u001b[1m\u001b[38;5;9mhelp: introduce a new binding instead: `other_uuid_user_id`\u001b[0m\n\u001b[0m   \u001b[0m\u001b[0m\u001b[1m\u001b[38;5;12m|\u001b[0m\n\u001b[0m  \u001b[0m\u001b[0m\u001b[1m\u001b[38;5;12m::: \u001b[0m\u001b[0msrc/schema.rs:31:9\u001b[0m\n\u001b[0m   \u001b[0m\u001b[0m\u001b[1m\u001b[38;5;12m|\u001b[0m\n\u001b[0m\u001b[1m\u001b[38;5;12m31\u001b[0m\u001b[0m \u001b[0m\u001b[0m\u001b[1m\u001b[38;5;12m|\u001b[0m\u001b[0m \u001b[0m\u001b[0m        uuid_user_id -> Nullable<Char>,\u001b[0m\n\u001b[0m   \u001b[0m\u001b[0m\u001b[1m\u001b[38;5;12m|\u001b[0m\u001b[0m         \u001b[0m\u001b[0m\u001b[1m\u001b[38;5;12m------------\u001b[0m\u001b[0m \u001b[0m\u001b[0m\u001b[1m\u001b[38;5;12munit struct defined here\u001b[0m\n\n"}
{"$message_type":"diagnostic","message":"mismatched types","code":{"code":"E0308","explanation":"Expected type did not match the received type.\n\nErroneous code examples:\n\n```compile_fail,E0308\nfn plus_one(x: i32) -> i32 {\n    x + 1\n}\n\nplus_one(\"Not a number\");\n//       ^^^^^^^^^^^^^^ expected `i32`, found `&str`\n\nif \"Not a bool\" {\n// ^^^^^^^^^^^^ expected `bool`, found `&str`\n}\n\nlet x: f32 = \"Not a float\";\n//     ---   ^^^^^^^^^^^^^ expected `f32`, found `&str`\n//     |\n//     expected due to this\n```\n\nThis error occurs when an expression was used in a place where the compiler\nexpected an expression of a different type. It can occur in several cases, the\nmost common being when calling a function and passing an argument which has a\ndifferent type than the matching type in the function declaration.\n"},"level":"error","spans":[{"file_name":"src/handlers/auth.rs","byte_start":1171,"byte_end":1191,"line_start":39,"line_end":39,"column_start":18,"column_end":38,"is_primary":true,"text":[{"text":"        user_id: uuid_user_id.clone(),","highlight_start":18,"highlight_end":38}],"label":"expected `String`, found `uuid_user_id`","suggested_replacement":null,"suggestion_applicability":null,"expansion":null}],"children":[],"rendered":"\u001b[0m\u001b[1m\u001b[38;5;9merror[E0308]\u001b[0m\u001b[0m\u001b[1m: mismatched types\u001b[0m\n\u001b[0m  \u001b[0m\u001b[0m\u001b[1m\u001b[38;5;12m--> \u001b[0m\u001b[0msrc/handlers/auth.rs:39:18\u001b[0m\n\u001b[0m   \u001b[0m\u001b[0m\u001b[1m\u001b[38;5;12m|\u001b[0m\n\u001b[0m\u001b[1m\u001b[38;5;12m39\u001b[0m\u001b[0m \u001b[0m\u001b[0m\u001b[1m\u001b[38;5;12m|\u001b[0m\u001b[0m \u001b[0m\u001b[0m        user_id: uuid_user_id.clone(),\u001b[0m\n\u001b[0m   \u001b[0m\u001b[0m\u001b[1m\u001b[38;5;12m|\u001b[0m\u001b[0m                  \u001b[0m\u001b[0m\u001b[1m\u001b[38;5;9m^^^^^^^^^^^^^^^^^^^^\u001b[0m\u001b[0m \u001b[0m\u001b[0m\u001b[1m\u001b[38;5;9mexpected `String`, found `uuid_user_id`\u001b[0m\n\n"}
{"$message_type":"diagnostic","message":"mismatched types","code":{"code":"E0308","explanation":"Expected type did not match the received type.\n\nErroneous code examples:\n\n```compile_fail,E0308\nfn plus_one(x: i32) -> i32 {\n    x + 1\n}\n\nplus_one(\"Not a number\");\n//       ^^^^^^^^^^^^^^ expected `i32`, found `&str`\n\nif \"Not a bool\" {\n// ^^^^^^^^^^^^ expected `bool`, found `&str`\n}\n\nlet x: f32 = \"Not a float\";\n//     ---   ^^^^^^^^^^^^^ expected `f32`, found `&str`\n//     |\n//     expected due to this\n```\n\nThis error occurs when an expression was used in a place where the compiler\nexpected an expression of a different type. It can occur in several cases, the\nmost common being when calling a function and passing an argument which has a\ndifferent type than the matching type in the function declaration.\n"},"level":"error","spans":[{"file_name":"src/handlers/auth.rs","byte_start":1220,"byte_end":1232,"line_start":40,"line_end":40,"column_start":28,"column_end":40,"is_primary":true,"text":[{"text":"        uuid_user_id: Some(uuid_user_id),","highlight_start":28,"highlight_end":40}],"label":"expected `String`, found `uuid_user_id`","suggested_replacement":null,"suggestion_applicability":null,"expansion":null},{"file_name":"src/handlers/auth.rs","byte_start":1215,"byte_end":1219,"line_start":40,"line_end":40,"column_start":23,"column_end":27,"is_primary":false,"text":[{"text":"        uuid_user_id: Some(uuid_user_id),","highlight_start":23,"highlight_end":27}],"label":"arguments to this enum variant are incorrect","suggested_replacement":null,"suggestion_applicability":null,"expansion":null}],"children":[{"message":"the type constructed contains `schema::users::columns::uuid_user_id` due to the type of the argument passed","code":null,"level":"help","spans":[{"file_name":"src/handlers/auth.rs","byte_start":1220,"byte_end":1232,"line_start":40,"line_end":40,"column_start":28,"column_end":40,"is_primary":false,"text":[{"text":"        uuid_user_id: Some(uuid_user_id),","highlight_start":28,"highlight_end":40}],"label":"this argument influences the type of `Some`","suggested_replacement":null,"suggestion_applicability":null,"expansion":null},{"file_name":"src/handlers/auth.rs","byte_start":1215,"byte_end":1233,"line_start":40,"line_end":40,"column_start":23,"column_end":41,"is_primary":true,"text":[{"text":"        uuid_user_id: Some(uuid_user_id),","highlight_start":23,"highlight_end":41}],"label":null,"suggested_replacement":null,"suggestion_applicability":null,"expansion":null}],"children":[],"rendered":null},{"message":"tuple variant defined here","code":null,"level":"note","spans":[{"file_name":"/Users/moriahgray-mccurdy/.rustup/toolchains/stable-aarch64-apple-darwin/lib/rustlib/src/rust/library/core/src/option.rs","byte_start":22752,"byte_end":22756,"line_start":580,"line_end":580,"column_start":5,"column_end":9,"is_primary":true,"text":[{"text":"    Some(#[stable(feature = \"rust1\", since = \"1.0.0\")] T),","highlight_start":5,"highlight_end":9}],"label":null,"suggested_replacement":null,"suggestion_applicability":null,"expansion":null}],"children":[],"rendered":null}],"rendered":"\u001b[0m\u001b[1m\u001b[38;5;9merror[E0308]\u001b[0m\u001b[0m\u001b[1m: mismatched types\u001b[0m\n\u001b[0m   \u001b[0m\u001b[0m\u001b[1m\u001b[38;5;12m--> \u001b[0m\u001b[0msrc/handlers/auth.rs:40:28\u001b[0m\n\u001b[0m    \u001b[0m\u001b[0m\u001b[1m\u001b[38;5;12m|\u001b[0m\n\u001b[0m\u001b[1m\u001b[38;5;12m40\u001b[0m\u001b[0m  \u001b[0m\u001b[0m\u001b[1m\u001b[38;5;12m|\u001b[0m\u001b[0m \u001b[0m\u001b[0m        uuid_user_id: Some(uuid_user_id),\u001b[0m\n\u001b[0m    \u001b[0m\u001b[0m\u001b[1m\u001b[38;5;12m|\u001b[0m\u001b[0m                       \u001b[0m\u001b[0m\u001b[1m\u001b[38;5;12m----\u001b[0m\u001b[0m \u001b[0m\u001b[0m\u001b[1m\u001b[38;5;9m^^^^^^^^^^^^\u001b[0m\u001b[0m \u001b[0m\u001b[0m\u001b[1m\u001b[38;5;9mexpected `String`, found `uuid_user_id`\u001b[0m\n\u001b[0m    \u001b[0m\u001b[0m\u001b[1m\u001b[38;5;12m|\u001b[0m\u001b[0m                       \u001b[0m\u001b[0m\u001b[1m\u001b[38;5;12m|\u001b[0m\n\u001b[0m    \u001b[0m\u001b[0m\u001b[1m\u001b[38;5;12m|\u001b[0m\u001b[0m                       \u001b[0m\u001b[0m\u001b[1m\u001b[38;5;12marguments to this enum variant are incorrect\u001b[0m\n\u001b[0m    \u001b[0m\u001b[0m\u001b[1m\u001b[38;5;12m|\u001b[0m\n\u001b[0m\u001b[1m\u001b[38;5;14mhelp\u001b[0m\u001b[0m: the type constructed contains `schema::users::columns::uuid_user_id` due to the type of the argument passed\u001b[0m\n\u001b[0m   \u001b[0m\u001b[0m\u001b[1m\u001b[38;5;12m--> \u001b[0m\u001b[0msrc/handlers/auth.rs:40:23\u001b[0m\n\u001b[0m    \u001b[0m\u001b[0m\u001b[1m\u001b[38;5;12m|\u001b[0m\n\u001b[0m\u001b[1m\u001b[38;5;12m40\u001b[0m\u001b[0m  \u001b[0m\u001b[0m\u001b[1m\u001b[38;5;12m|\u001b[0m\u001b[0m \u001b[0m\u001b[0m        uuid_user_id: Some(uuid_user_id),\u001b[0m\n\u001b[0m    \u001b[0m\u001b[0m\u001b[1m\u001b[38;5;12m|\u001b[0m\u001b[0m                       \u001b[0m\u001b[0m\u001b[1m\u001b[38;5;14m^^^^^\u001b[0m\u001b[0m\u001b[1m\u001b[38;5;12m------------\u001b[0m\u001b[0m\u001b[1m\u001b[38;5;14m^\u001b[0m\n\u001b[0m    \u001b[0m\u001b[0m\u001b[1m\u001b[38;5;12m|\u001b[0m\u001b[0m                            \u001b[0m\u001b[0m\u001b[1m\u001b[38;5;12m|\u001b[0m\n\u001b[0m    \u001b[0m\u001b[0m\u001b[1m\u001b[38;5;12m|\u001b[0m\u001b[0m                            \u001b[0m\u001b[0m\u001b[1m\u001b[38;5;12mthis argument influences the type of `Some`\u001b[0m\n\u001b[0m\u001b[1m\u001b[38;5;10mnote\u001b[0m\u001b[0m: tuple variant defined here\u001b[0m\n\u001b[0m   \u001b[0m\u001b[0m\u001b[1m\u001b[38;5;12m--> \u001b[0m\u001b[0m/Users/moriahgray-mccurdy/.rustup/toolchains/stable-aarch64-apple-darwin/lib/rustlib/src/rust/library/core/src/option.rs:580:5\u001b[0m\n\u001b[0m    \u001b[0m\u001b[0m\u001b[1m\u001b[38;5;12m|\u001b[0m\n\u001b[0m\u001b[1m\u001b[38;5;12m580\u001b[0m\u001b[0m \u001b[0m\u001b[0m\u001b[1m\u001b[38;5;12m|\u001b[0m\u001b[0m \u001b[0m\u001b[0m    Some(#[stable(feature = \"rust1\", since = \"1.0.0\")] T),\u001b[0m\n\u001b[0m    \u001b[0m\u001b[0m\u001b[1m\u001b[38;5;12m|\u001b[0m\u001b[0m     \u001b[0m\u001b[0m\u001b[1m\u001b[38;5;10m^^^^\u001b[0m\n\n"}
{"$message_type":"diagnostic","message":"mismatched types","code":{"code":"E0308","explanation":"Expected type did not match the received type.\n\nErroneous code examples:\n\n```compile_fail,E0308\nfn plus_one(x: i32) -> i32 {\n    x + 1\n}\n\nplus_one(\"Not a number\");\n//       ^^^^^^^^^^^^^^ expected `i32`, found `&str`\n\nif \"Not a bool\" {\n// ^^^^^^^^^^^^ expected `bool`, found `&str`\n}\n\nlet x: f32 = \"Not a float\";\n//     ---   ^^^^^^^^^^^^^ expected `f32`, found `&str`\n//     |\n//     expected due to this\n```\n\nThis error occurs when an expression was used in a place where the compiler\nexpected an expression of a different type. It can occur in several cases, the\nmost common being when calling a function and passing an argument which has a\ndifferent type than the matching type in the function declaration.\n"},"level":"error","spans":[{"file_name":"src/handlers/auth.rs","byte_start":1476,"byte_end":1481,"line_start":49,"line_end":49,"column_start":18,"column_end":23,"is_primary":true,"text":[{"text":"        .execute(&conn)","highlight_start":18,"highlight_end":23}],"label":"types differ in mutability","suggested_replacement":null,"suggestion_applicability":null,"expansion":null},{"file_name":"src/handlers/auth.rs","byte_start":1468,"byte_end":1475,"line_start":49,"line_end":49,"column_start":10,"column_end":17,"is_primary":false,"text":[{"text":"        .execute(&conn)","highlight_start":10,"highlight_end":17}],"label":"arguments to this method are incorrect","suggested_replacement":null,"suggestion_applicability":null,"expansion":null}],"children":[{"message":"expected mutable reference `&mut _`\n           found reference `&PooledConnection<ConnectionManager<MysqlConnection>>`","code":null,"level":"note","spans":[],"children":[],"rendered":null},{"message":"method defined here","code":null,"level":"note","spans":[{"file_name":"/Users/moriahgray-mccurdy/.cargo/registry/src/index.crates.io-6f17d22bba15001f/diesel-2.1.6/src/query_dsl/mod.rs","byte_start":49137,"byte_end":49144,"line_start":1428,"line_end":1428,"column_start":8,"column_end":15,"is_primary":true,"text":[{"text":"    fn execute(self, conn: &mut Conn) -> QueryResult<usize>","highlight_start":8,"highlight_end":15}],"label":null,"suggested_replacement":null,"suggestion_applicability":null,"expansion":null}],"children":[],"rendered":null}],"rendered":"\u001b[0m\u001b[1m\u001b[38;5;9merror[E0308]\u001b[0m\u001b[0m\u001b[1m: mismatched types\u001b[0m\n\u001b[0m    \u001b[0m\u001b[0m\u001b[1m\u001b[38;5;12m--> \u001b[0m\u001b[0msrc/handlers/auth.rs:49:18\u001b[0m\n\u001b[0m     \u001b[0m\u001b[0m\u001b[1m\u001b[38;5;12m|\u001b[0m\n\u001b[0m\u001b[1m\u001b[38;5;12m49\u001b[0m\u001b[0m   \u001b[0m\u001b[0m\u001b[1m\u001b[38;5;12m|\u001b[0m\u001b[0m \u001b[0m\u001b[0m        .execute(&conn)\u001b[0m\n\u001b[0m     \u001b[0m\u001b[0m\u001b[1m\u001b[38;5;12m|\u001b[0m\u001b[0m          \u001b[0m\u001b[0m\u001b[1m\u001b[38;5;12m-------\u001b[0m\u001b[0m \u001b[0m\u001b[0m\u001b[1m\u001b[38;5;9m^^^^^\u001b[0m\u001b[0m \u001b[0m\u001b[0m\u001b[1m\u001b[38;5;9mtypes differ in mutability\u001b[0m\n\u001b[0m     \u001b[0m\u001b[0m\u001b[1m\u001b[38;5;12m|\u001b[0m\u001b[0m          \u001b[0m\u001b[0m\u001b[1m\u001b[38;5;12m|\u001b[0m\n\u001b[0m     \u001b[0m\u001b[0m\u001b[1m\u001b[38;5;12m|\u001b[0m\u001b[0m          \u001b[0m\u001b[0m\u001b[1m\u001b[38;5;12marguments to this method are incorrect\u001b[0m\n\u001b[0m     \u001b[0m\u001b[0m\u001b[1m\u001b[38;5;12m|\u001b[0m\n\u001b[0m     \u001b[0m\u001b[0m\u001b[1m\u001b[38;5;12m= \u001b[0m\u001b[0m\u001b[1mnote\u001b[0m\u001b[0m: expected mutable reference `&\u001b[0m\u001b[0m\u001b[1m\u001b[35mmut _\u001b[0m\u001b[0m`\u001b[0m\n\u001b[0m                        found reference `&\u001b[0m\u001b[0m\u001b[1m\u001b[35mPooledConnection<ConnectionManager<MysqlConnection>>\u001b[0m\u001b[0m`\u001b[0m\n\u001b[0m\u001b[1m\u001b[38;5;10mnote\u001b[0m\u001b[0m: method defined here\u001b[0m\n\u001b[0m    \u001b[0m\u001b[0m\u001b[1m\u001b[38;5;12m--> \u001b[0m\u001b[0m/Users/moriahgray-mccurdy/.cargo/registry/src/index.crates.io-6f17d22bba15001f/diesel-2.1.6/src/query_dsl/mod.rs:1428:8\u001b[0m\n\u001b[0m     \u001b[0m\u001b[0m\u001b[1m\u001b[38;5;12m|\u001b[0m\n\u001b[0m\u001b[1m\u001b[38;5;12m1428\u001b[0m\u001b[0m \u001b[0m\u001b[0m\u001b[1m\u001b[38;5;12m|\u001b[0m\u001b[0m \u001b[0m\u001b[0m    fn execute(self, conn: &mut Conn) -> QueryResult<usize>\u001b[0m\n\u001b[0m     \u001b[0m\u001b[0m\u001b[1m\u001b[38;5;12m|\u001b[0m\u001b[0m        \u001b[0m\u001b[0m\u001b[1m\u001b[38;5;10m^^^^^^^\u001b[0m\n\n"}
{"$message_type":"diagnostic","message":"mismatched types","code":{"code":"E0308","explanation":"Expected type did not match the received type.\n\nErroneous code examples:\n\n```compile_fail,E0308\nfn plus_one(x: i32) -> i32 {\n    x + 1\n}\n\nplus_one(\"Not a number\");\n//       ^^^^^^^^^^^^^^ expected `i32`, found `&str`\n\nif \"Not a bool\" {\n// ^^^^^^^^^^^^ expected `bool`, found `&str`\n}\n\nlet x: f32 = \"Not a float\";\n//     ---   ^^^^^^^^^^^^^ expected `f32`, found `&str`\n//     |\n//     expected due to this\n```\n\nThis error occurs when an expression was used in a place where the compiler\nexpected an expression of a different type. It can occur in several cases, the\nmost common being when calling a function and passing an argument which has a\ndifferent type than the matching type in the function declaration.\n"},"level":"error","spans":[{"file_name":"src/handlers/auth.rs","byte_start":1872,"byte_end":1877,"line_start":64,"line_end":64,"column_start":16,"column_end":21,"is_primary":true,"text":[{"text":"        .first(&conn)","highlight_start":16,"highlight_end":21}],"label":"types differ in mutability","suggested_replacement":null,"suggestion_applicability":null,"expansion":null},{"file_name":"src/handlers/auth.rs","byte_start":1866,"byte_end":1871,"line_start":64,"line_end":64,"column_start":10,"column_end":15,"is_primary":false,"text":[{"text":"        .first(&conn)","highlight_start":10,"highlight_end":15}],"label":"arguments to this method are incorrect","suggested_replacement":null,"suggestion_applicability":null,"expansion":null}],"children":[{"message":"expected mutable reference `&mut _`\n           found reference `&PooledConnection<ConnectionManager<MysqlConnection>>`","code":null,"level":"note","spans":[],"children":[],"rendered":null},{"message":"method defined here","code":null,"level":"note","spans":[{"file_name":"/Users/moriahgray-mccurdy/.cargo/registry/src/index.crates.io-6f17d22bba15001f/diesel-2.1.6/src/query_dsl/mod.rs","byte_start":61063,"byte_end":61068,"line_start":1776,"line_end":1776,"column_start":8,"column_end":13,"is_primary":true,"text":[{"text":"    fn first<'query, U>(self, conn: &mut Conn) -> QueryResult<U>","highlight_start":8,"highlight_end":13}],"label":null,"suggested_replacement":null,"suggestion_applicability":null,"expansion":null}],"children":[],"rendered":null}],"rendered":"\u001b[0m\u001b[1m\u001b[38;5;9merror[E0308]\u001b[0m\u001b[0m\u001b[1m: mismatched types\u001b[0m\n\u001b[0m    \u001b[0m\u001b[0m\u001b[1m\u001b[38;5;12m--> \u001b[0m\u001b[0msrc/handlers/auth.rs:64:16\u001b[0m\n\u001b[0m     \u001b[0m\u001b[0m\u001b[1m\u001b[38;5;12m|\u001b[0m\n\u001b[0m\u001b[1m\u001b[38;5;12m64\u001b[0m\u001b[0m   \u001b[0m\u001b[0m\u001b[1m\u001b[38;5;12m|\u001b[0m\u001b[0m \u001b[0m\u001b[0m        .first(&conn)\u001b[0m\n\u001b[0m     \u001b[0m\u001b[0m\u001b[1m\u001b[38;5;12m|\u001b[0m\u001b[0m          \u001b[0m\u001b[0m\u001b[1m\u001b[38;5;12m-----\u001b[0m\u001b[0m \u001b[0m\u001b[0m\u001b[1m\u001b[38;5;9m^^^^^\u001b[0m\u001b[0m \u001b[0m\u001b[0m\u001b[1m\u001b[38;5;9mtypes differ in mutability\u001b[0m\n\u001b[0m     \u001b[0m\u001b[0m\u001b[1m\u001b[38;5;12m|\u001b[0m\u001b[0m          \u001b[0m\u001b[0m\u001b[1m\u001b[38;5;12m|\u001b[0m\n\u001b[0m     \u001b[0m\u001b[0m\u001b[1m\u001b[38;5;12m|\u001b[0m\u001b[0m          \u001b[0m\u001b[0m\u001b[1m\u001b[38;5;12marguments to this method are incorrect\u001b[0m\n\u001b[0m     \u001b[0m\u001b[0m\u001b[1m\u001b[38;5;12m|\u001b[0m\n\u001b[0m     \u001b[0m\u001b[0m\u001b[1m\u001b[38;5;12m= \u001b[0m\u001b[0m\u001b[1mnote\u001b[0m\u001b[0m: expected mutable reference `&\u001b[0m\u001b[0m\u001b[1m\u001b[35mmut _\u001b[0m\u001b[0m`\u001b[0m\n\u001b[0m                        found reference `&\u001b[0m\u001b[0m\u001b[1m\u001b[35mPooledConnection<ConnectionManager<MysqlConnection>>\u001b[0m\u001b[0m`\u001b[0m\n\u001b[0m\u001b[1m\u001b[38;5;10mnote\u001b[0m\u001b[0m: method defined here\u001b[0m\n\u001b[0m    \u001b[0m\u001b[0m\u001b[1m\u001b[38;5;12m--> \u001b[0m\u001b[0m/Users/moriahgray-mccurdy/.cargo/registry/src/index.crates.io-6f17d22bba15001f/diesel-2.1.6/src/query_dsl/mod.rs:1776:8\u001b[0m\n\u001b[0m     \u001b[0m\u001b[0m\u001b[1m\u001b[38;5;12m|\u001b[0m\n\u001b[0m\u001b[1m\u001b[38;5;12m1776\u001b[0m\u001b[0m \u001b[0m\u001b[0m\u001b[1m\u001b[38;5;12m|\u001b[0m\u001b[0m \u001b[0m\u001b[0m    fn first<'query, U>(self, conn: &mut Conn) -> QueryResult<U>\u001b[0m\n\u001b[0m     \u001b[0m\u001b[0m\u001b[1m\u001b[38;5;12m|\u001b[0m\u001b[0m        \u001b[0m\u001b[0m\u001b[1m\u001b[38;5;10m^^^^^\u001b[0m\n\n"}
{"$message_type":"diagnostic","message":"the trait bound `(std::string::String, std::option::Option<std::string::String>, std::string::String, std::string::String, std::string::String, std::string::String, std::option::Option<NaiveDateTime>): FromStaticSqlRow<(diesel::sql_types::Text, diesel::sql_types::Nullable<diesel::sql_types::Text>, diesel::sql_types::Nullable<diesel::sql_types::Text>, diesel::sql_types::Nullable<diesel::sql_types::Text>, diesel::sql_types::Nullable<diesel::sql_types::Text>, diesel::sql_types::Nullable<diesel::sql_types::Text>, diesel::sql_types::Nullable<diesel::sql_types::Timestamp>), _>` is not satisfied","code":{"code":"E0277","explanation":"You tried to use a type which doesn't implement some trait in a place which\nexpected that trait.\n\nErroneous code example:\n\n```compile_fail,E0277\n// here we declare the Foo trait with a bar method\ntrait Foo {\n    fn bar(&self);\n}\n\n// we now declare a function which takes an object implementing the Foo trait\nfn some_func<T: Foo>(foo: T) {\n    foo.bar();\n}\n\nfn main() {\n    // we now call the method with the i32 type, which doesn't implement\n    // the Foo trait\n    some_func(5i32); // error: the trait bound `i32 : Foo` is not satisfied\n}\n```\n\nIn order to fix this error, verify that the type you're using does implement\nthe trait. Example:\n\n```\ntrait Foo {\n    fn bar(&self);\n}\n\n// we implement the trait on the i32 type\nimpl Foo for i32 {\n    fn bar(&self) {}\n}\n\nfn some_func<T: Foo>(foo: T) {\n    foo.bar(); // we can now use this method since i32 implements the\n               // Foo trait\n}\n\nfn main() {\n    some_func(5i32); // ok!\n}\n```\n\nOr in a generic context, an erroneous code example would look like:\n\n```compile_fail,E0277\nfn some_func<T>(foo: T) {\n    println!(\"{:?}\", foo); // error: the trait `core::fmt::Debug` is not\n                           //        implemented for the type `T`\n}\n\nfn main() {\n    // We now call the method with the i32 type,\n    // which *does* implement the Debug trait.\n    some_func(5i32);\n}\n```\n\nNote that the error here is in the definition of the generic function. Although\nwe only call it with a parameter that does implement `Debug`, the compiler\nstill rejects the function. It must work with all possible input types. In\norder to make this example compile, we need to restrict the generic type we're\naccepting:\n\n```\nuse std::fmt;\n\n// Restrict the input type to types that implement Debug.\nfn some_func<T: fmt::Debug>(foo: T) {\n    println!(\"{:?}\", foo);\n}\n\nfn main() {\n    // Calling the method is still fine, as i32 implements Debug.\n    some_func(5i32);\n\n    // This would fail to compile now:\n    // struct WithoutDebug;\n    // some_func(WithoutDebug);\n}\n```\n\nRust only looks at the signature of the called function, as such it must\nalready specify all requirements that will be used for every type parameter.\n"},"level":"error","spans":[{"file_name":"src/handlers/auth.rs","byte_start":1872,"byte_end":1877,"line_start":64,"line_end":64,"column_start":16,"column_end":21,"is_primary":true,"text":[{"text":"        .first(&conn)","highlight_start":16,"highlight_end":21}],"label":"unsatisfied trait bound","suggested_replacement":null,"suggestion_applicability":null,"expansion":null},{"file_name":"src/handlers/auth.rs","byte_start":1866,"byte_end":1871,"line_start":64,"line_end":64,"column_start":10,"column_end":15,"is_primary":false,"text":[{"text":"        .first(&conn)","highlight_start":10,"highlight_end":15}],"label":"required by a bound introduced by this call","suggested_replacement":null,"suggestion_applicability":null,"expansion":null}],"children":[{"message":"the trait `FromStaticSqlRow<(diesel::sql_types::Text, diesel::sql_types::Nullable<diesel::sql_types::Text>, diesel::sql_types::Nullable<diesel::sql_types::Text>, diesel::sql_types::Nullable<diesel::sql_types::Text>, diesel::sql_types::Nullable<diesel::sql_types::Text>, diesel::sql_types::Nullable<diesel::sql_types::Text>, diesel::sql_types::Nullable<diesel::sql_types::Timestamp>), _>` is not implemented for `(String, Option<String>, String, String, String, String, Option<...>)`","code":null,"level":"help","spans":[],"children":[],"rendered":null},{"message":"the following other types implement trait `FromStaticSqlRow<ST, DB>`:\n  `(T0,)` implements `FromStaticSqlRow<(ST0,), __DB>`\n  `(T1, T0)` implements `FromStaticSqlRow<(ST1, ST0), __DB>`\n  `(T1, T2, T0)` implements `FromStaticSqlRow<(ST1, ST2, ST0), __DB>`\n  `(T1, T2, T3, T0)` implements `FromStaticSqlRow<(ST1, ST2, ST3, ST0), __DB>`\n  `(T1, T2, T3, T4, T0)` implements `FromStaticSqlRow<(ST1, ST2, ST3, ST4, ST0), __DB>`\n  `(T1, T2, T3, T4, T5, T0)` implements `FromStaticSqlRow<(ST1, ST2, ST3, ST4, ST5, ST0), __DB>`\n  `(T1, T2, T3, T4, T5, T6, T0)` implements `FromStaticSqlRow<(ST1, ST2, ST3, ST4, ST5, ST6, ST0), __DB>`\n  `(T1, T2, T3, T4, T5, T6, T7, T0)` implements `FromStaticSqlRow<(ST1, ST2, ST3, ST4, ST5, ST6, ST7, ST0), __DB>`\nand 24 others","code":null,"level":"help","spans":[],"children":[],"rendered":null},{"message":"required for `User` to implement `Queryable<(diesel::sql_types::Text, diesel::sql_types::Nullable<diesel::sql_types::Text>, diesel::sql_types::Nullable<diesel::sql_types::Text>, diesel::sql_types::Nullable<diesel::sql_types::Text>, diesel::sql_types::Nullable<diesel::sql_types::Text>, diesel::sql_types::Nullable<diesel::sql_types::Text>, diesel::sql_types::Nullable<diesel::sql_types::Timestamp>), _>`","code":null,"level":"note","spans":[{"file_name":"src/models.rs","byte_start":194,"byte_end":203,"line_start":8,"line_end":8,"column_start":10,"column_end":19,"is_primary":true,"text":[{"text":"#[derive(Queryable, Serialize, Deserialize, Debug)]","highlight_start":10,"highlight_end":19}],"label":"unsatisfied trait bound introduced in this `derive` macro","suggested_replacement":null,"suggestion_applicability":null,"expansion":{"span":{"file_name":"src/models.rs","byte_start":194,"byte_end":203,"line_start":8,"line_end":8,"column_start":10,"column_end":19,"is_primary":false,"text":[{"text":"#[derive(Queryable, Serialize, Deserialize, Debug)]","highlight_start":10,"highlight_end":19}],"label":null,"suggested_replacement":null,"suggestion_applicability":null,"expansion":null},"macro_decl_name":"#[derive(Queryable)]","def_site_span":{"file_name":"/Users/moriahgray-mccurdy/.cargo/registry/src/index.crates.io-6f17d22bba15001f/diesel_derives-2.1.4/src/lib.rs","byte_start":23016,"byte_end":23074,"line_start":625,"line_end":625,"column_start":1,"column_end":59,"is_primary":false,"text":[{"text":"pub fn derive_queryable(input: TokenStream) -> TokenStream {","highlight_start":1,"highlight_end":59}],"label":null,"suggested_replacement":null,"suggestion_applicability":null,"expansion":null}}},{"file_name":"src/models.rs","byte_start":278,"byte_end":282,"line_start":10,"line_end":10,"column_start":12,"column_end":16,"is_primary":true,"text":[{"text":"pub struct User {","highlight_start":12,"highlight_end":16}],"label":null,"suggested_replacement":null,"suggestion_applicability":null,"expansion":null}],"children":[],"rendered":null},{"message":"required for `User` to implement `FromSqlRow<(diesel::sql_types::Text, diesel::sql_types::Nullable<diesel::sql_types::Text>, diesel::sql_types::Nullable<diesel::sql_types::Text>, diesel::sql_types::Nullable<diesel::sql_types::Text>, diesel::sql_types::Nullable<diesel::sql_types::Text>, diesel::sql_types::Nullable<diesel::sql_types::Text>, diesel::sql_types::Nullable<diesel::sql_types::Timestamp>), _>`","code":null,"level":"note","spans":[],"children":[],"rendered":null},{"message":"required for `(Text, Nullable<Text>, Nullable<Text>, Nullable<Text>, ..., ..., ...)` to implement `load_dsl::private::CompatibleType<User, _>`","code":null,"level":"note","spans":[],"children":[],"rendered":null},{"message":"required for `SelectStatement<FromClause<table>, ..., ..., ..., ..., ...>` to implement `LoadQuery<'_, _, User>`","code":null,"level":"note","spans":[],"children":[],"rendered":null},{"message":"required by a bound in `first`","code":null,"level":"note","spans":[{"file_name":"/Users/moriahgray-mccurdy/.cargo/registry/src/index.crates.io-6f17d22bba15001f/diesel-2.1.6/src/query_dsl/mod.rs","byte_start":61063,"byte_end":61068,"line_start":1776,"line_end":1776,"column_start":8,"column_end":13,"is_primary":false,"text":[{"text":"    fn first<'query, U>(self, conn: &mut Conn) -> QueryResult<U>","highlight_start":8,"highlight_end":13}],"label":"required by a bound in this associated function","suggested_replacement":null,"suggestion_applicability":null,"expansion":null},{"file_name":"/Users/moriahgray-mccurdy/.cargo/registry/src/index.crates.io-6f17d22bba15001f/diesel-2.1.6/src/query_dsl/mod.rs","byte_start":61185,"byte_end":61211,"line_start":1779,"line_end":1779,"column_start":22,"column_end":48,"is_primary":true,"text":[{"text":"        Limit<Self>: LoadQuery<'query, Conn, U>,","highlight_start":22,"highlight_end":48}],"label":"required by this bound in `RunQueryDsl::first`","suggested_replacement":null,"suggestion_applicability":null,"expansion":null}],"children":[],"rendered":null},{"message":"the full name for the type has been written to '/Users/moriahgray-mccurdy/Desktop/Capstone/Moriahs_Travels/travels_backend/target/debug/deps/travels_backend-8bf439e4522996c8.long-type-12188714943551472928.txt'","code":null,"level":"note","spans":[],"children":[],"rendered":null},{"message":"consider using `--verbose` to print the full type name to the console","code":null,"level":"note","spans":[],"children":[],"rendered":null}],"rendered":"\u001b[0m\u001b[1m\u001b[38;5;9merror[E0277]\u001b[0m\u001b[0m\u001b[1m: the trait bound `(std::string::String, std::option::Option<std::string::String>, std::string::String, std::string::String, std::string::String, std::string::String, std::option::Option<NaiveDateTime>): FromStaticSqlRow<(diesel::sql_types::Text, diesel::sql_types::Nullable<diesel::sql_types::Text>, diesel::sql_types::Nullable<diesel::sql_types::Text>, diesel::sql_types::Nullable<diesel::sql_types::Text>, diesel::sql_types::Nullable<diesel::sql_types::Text>, diesel::sql_types::Nullable<diesel::sql_types::Text>, diesel::sql_types::Nullable<diesel::sql_types::Timestamp>), _>` is not satisfied\u001b[0m\n\u001b[0m    \u001b[0m\u001b[0m\u001b[1m\u001b[38;5;12m--> \u001b[0m\u001b[0msrc/handlers/auth.rs:64:16\u001b[0m\n\u001b[0m     \u001b[0m\u001b[0m\u001b[1m\u001b[38;5;12m|\u001b[0m\n\u001b[0m\u001b[1m\u001b[38;5;12m64\u001b[0m\u001b[0m   \u001b[0m\u001b[0m\u001b[1m\u001b[38;5;12m|\u001b[0m\u001b[0m \u001b[0m\u001b[0m        .first(&conn)\u001b[0m\n\u001b[0m     \u001b[0m\u001b[0m\u001b[1m\u001b[38;5;12m|\u001b[0m\u001b[0m          \u001b[0m\u001b[0m\u001b[1m\u001b[38;5;12m-----\u001b[0m\u001b[0m \u001b[0m\u001b[0m\u001b[1m\u001b[38;5;9m^^^^^\u001b[0m\u001b[0m \u001b[0m\u001b[0m\u001b[1m\u001b[38;5;9munsatisfied trait bound\u001b[0m\n\u001b[0m     \u001b[0m\u001b[0m\u001b[1m\u001b[38;5;12m|\u001b[0m\u001b[0m          \u001b[0m\u001b[0m\u001b[1m\u001b[38;5;12m|\u001b[0m\n\u001b[0m     \u001b[0m\u001b[0m\u001b[1m\u001b[38;5;12m|\u001b[0m\u001b[0m          \u001b[0m\u001b[0m\u001b[1m\u001b[38;5;12mrequired by a bound introduced by this call\u001b[0m\n\u001b[0m     \u001b[0m\u001b[0m\u001b[1m\u001b[38;5;12m|\u001b[0m\n\u001b[0m     \u001b[0m\u001b[0m\u001b[1m\u001b[38;5;12m= \u001b[0m\u001b[0m\u001b[1mhelp\u001b[0m\u001b[0m: the trait `FromStaticSqlRow<(diesel::sql_types::Text, diesel::sql_types::Nullable<diesel::sql_types::Text>, diesel::sql_types::Nullable<diesel::sql_types::Text>, diesel::sql_types::Nullable<diesel::sql_types::Text>, diesel::sql_types::Nullable<diesel::sql_types::Text>, diesel::sql_types::Nullable<diesel::sql_types::Text>, diesel::sql_types::Nullable<diesel::sql_types::Timestamp>), _>` is not implemented for `(String, Option<String>, String, String, String, String, Option<...>)`\u001b[0m\n\u001b[0m     \u001b[0m\u001b[0m\u001b[1m\u001b[38;5;12m= \u001b[0m\u001b[0m\u001b[1mhelp\u001b[0m\u001b[0m: the following other types implement trait `FromStaticSqlRow<ST, DB>`:\u001b[0m\n\u001b[0m               `(T0,)` implements `FromStaticSqlRow<(ST0,), __DB>`\u001b[0m\n\u001b[0m               `(T1, T0)` implements `FromStaticSqlRow<(ST1, ST0), __DB>`\u001b[0m\n\u001b[0m               `(T1, T2, T0)` implements `FromStaticSqlRow<(ST1, ST2, ST0), __DB>`\u001b[0m\n\u001b[0m               `(T1, T2, T3, T0)` implements `FromStaticSqlRow<(ST1, ST2, ST3, ST0), __DB>`\u001b[0m\n\u001b[0m               `(T1, T2, T3, T4, T0)` implements `FromStaticSqlRow<(ST1, ST2, ST3, ST4, ST0), __DB>`\u001b[0m\n\u001b[0m               `(T1, T2, T3, T4, T5, T0)` implements `FromStaticSqlRow<(ST1, ST2, ST3, ST4, ST5, ST0), __DB>`\u001b[0m\n\u001b[0m               `(T1, T2, T3, T4, T5, T6, T0)` implements `FromStaticSqlRow<(ST1, ST2, ST3, ST4, ST5, ST6, ST0), __DB>`\u001b[0m\n\u001b[0m               `(T1, T2, T3, T4, T5, T6, T7, T0)` implements `FromStaticSqlRow<(ST1, ST2, ST3, ST4, ST5, ST6, ST7, ST0), __DB>`\u001b[0m\n\u001b[0m             and 24 others\u001b[0m\n\u001b[0m\u001b[1m\u001b[38;5;10mnote\u001b[0m\u001b[0m: required for `User` to implement `Queryable<(diesel::sql_types::Text, diesel::sql_types::Nullable<diesel::sql_types::Text>, diesel::sql_types::Nullable<diesel::sql_types::Text>, diesel::sql_types::Nullable<diesel::sql_types::Text>, diesel::sql_types::Nullable<diesel::sql_types::Text>, diesel::sql_types::Nullable<diesel::sql_types::Text>, diesel::sql_types::Nullable<diesel::sql_types::Timestamp>), _>`\u001b[0m\n\u001b[0m    \u001b[0m\u001b[0m\u001b[1m\u001b[38;5;12m--> \u001b[0m\u001b[0msrc/models.rs:8:10\u001b[0m\n\u001b[0m     \u001b[0m\u001b[0m\u001b[1m\u001b[38;5;12m|\u001b[0m\n\u001b[0m\u001b[1m\u001b[38;5;12m8\u001b[0m\u001b[0m    \u001b[0m\u001b[0m\u001b[1m\u001b[38;5;12m|\u001b[0m\u001b[0m \u001b[0m\u001b[0m#[derive(Queryable, Serialize, Deserialize, Debug)]\u001b[0m\n\u001b[0m     \u001b[0m\u001b[0m\u001b[1m\u001b[38;5;12m|\u001b[0m\u001b[0m          \u001b[0m\u001b[0m\u001b[1m\u001b[38;5;10m^^^^^^^^^\u001b[0m\u001b[0m \u001b[0m\u001b[0m\u001b[1m\u001b[38;5;10munsatisfied trait bound introduced in this `derive` macro\u001b[0m\n\u001b[0m\u001b[1m\u001b[38;5;12m9\u001b[0m\u001b[0m    \u001b[0m\u001b[0m\u001b[1m\u001b[38;5;12m|\u001b[0m\u001b[0m \u001b[0m\u001b[0m#[diesel(table_name = users)]\u001b[0m\n\u001b[0m\u001b[1m\u001b[38;5;12m10\u001b[0m\u001b[0m   \u001b[0m\u001b[0m\u001b[1m\u001b[38;5;12m|\u001b[0m\u001b[0m \u001b[0m\u001b[0mpub struct User {\u001b[0m\n\u001b[0m     \u001b[0m\u001b[0m\u001b[1m\u001b[38;5;12m|\u001b[0m\u001b[0m            \u001b[0m\u001b[0m\u001b[1m\u001b[38;5;10m^^^^\u001b[0m\n\u001b[0m     \u001b[0m\u001b[0m\u001b[1m\u001b[38;5;12m= \u001b[0m\u001b[0m\u001b[1mnote\u001b[0m\u001b[0m: required for `User` to implement `FromSqlRow<(diesel::sql_types::Text, diesel::sql_types::Nullable<diesel::sql_types::Text>, diesel::sql_types::Nullable<diesel::sql_types::Text>, diesel::sql_types::Nullable<diesel::sql_types::Text>, diesel::sql_types::Nullable<diesel::sql_types::Text>, diesel::sql_types::Nullable<diesel::sql_types::Text>, diesel::sql_types::Nullable<diesel::sql_types::Timestamp>), _>`\u001b[0m\n\u001b[0m     \u001b[0m\u001b[0m\u001b[1m\u001b[38;5;12m= \u001b[0m\u001b[0m\u001b[1mnote\u001b[0m\u001b[0m: required for `(Text, Nullable<Text>, Nullable<Text>, Nullable<Text>, ..., ..., ...)` to implement `load_dsl::private::CompatibleType<User, _>`\u001b[0m\n\u001b[0m     \u001b[0m\u001b[0m\u001b[1m\u001b[38;5;12m= \u001b[0m\u001b[0m\u001b[1mnote\u001b[0m\u001b[0m: required for `SelectStatement<FromClause<table>, ..., ..., ..., ..., ...>` to implement `LoadQuery<'_, _, User>`\u001b[0m\n\u001b[0m\u001b[1m\u001b[38;5;10mnote\u001b[0m\u001b[0m: required by a bound in `first`\u001b[0m\n\u001b[0m    \u001b[0m\u001b[0m\u001b[1m\u001b[38;5;12m--> \u001b[0m\u001b[0m/Users/moriahgray-mccurdy/.cargo/registry/src/index.crates.io-6f17d22bba15001f/diesel-2.1.6/src/query_dsl/mod.rs:1779:22\u001b[0m\n\u001b[0m     \u001b[0m\u001b[0m\u001b[1m\u001b[38;5;12m|\u001b[0m\n\u001b[0m\u001b[1m\u001b[38;5;12m1776\u001b[0m\u001b[0m \u001b[0m\u001b[0m\u001b[1m\u001b[38;5;12m|\u001b[0m\u001b[0m \u001b[0m\u001b[0m    fn first<'query, U>(self, conn: &mut Conn) -> QueryResult<U>\u001b[0m\n\u001b[0m     \u001b[0m\u001b[0m\u001b[1m\u001b[38;5;12m|\u001b[0m\u001b[0m        \u001b[0m\u001b[0m\u001b[1m\u001b[38;5;12m-----\u001b[0m\u001b[0m \u001b[0m\u001b[0m\u001b[1m\u001b[38;5;12mrequired by a bound in this associated function\u001b[0m\n\u001b[0m\u001b[1m\u001b[38;5;12m...\u001b[0m\n\u001b[0m\u001b[1m\u001b[38;5;12m1779\u001b[0m\u001b[0m \u001b[0m\u001b[0m\u001b[1m\u001b[38;5;12m|\u001b[0m\u001b[0m \u001b[0m\u001b[0m        Limit<Self>: LoadQuery<'query, Conn, U>,\u001b[0m\n\u001b[0m     \u001b[0m\u001b[0m\u001b[1m\u001b[38;5;12m|\u001b[0m\u001b[0m                      \u001b[0m\u001b[0m\u001b[1m\u001b[38;5;10m^^^^^^^^^^^^^^^^^^^^^^^^^^\u001b[0m\u001b[0m \u001b[0m\u001b[0m\u001b[1m\u001b[38;5;10mrequired by this bound in `RunQueryDsl::first`\u001b[0m\n\u001b[0m     \u001b[0m\u001b[0m\u001b[1m\u001b[38;5;12m= \u001b[0m\u001b[0m\u001b[1mnote\u001b[0m\u001b[0m: the full name for the type has been written to '/Users/moriahgray-mccurdy/Desktop/Capstone/Moriahs_Travels/travels_backend/target/debug/deps/travels_backend-8bf439e4522996c8.long-type-12188714943551472928.txt'\u001b[0m\n\u001b[0m     \u001b[0m\u001b[0m\u001b[1m\u001b[38;5;12m= \u001b[0m\u001b[0m\u001b[1mnote\u001b[0m\u001b[0m: consider using `--verbose` to print the full type name to the console\u001b[0m\n\u001b[0m     \u001b[0m\u001b[0m\u001b[1m\u001b[38;5;12m= \u001b[0m\u001b[0m\u001b[1mnote\u001b[0m\u001b[0m: this error originates in the derive macro `Queryable` (in Nightly builds, run with -Z macro-backtrace for more info)\u001b[0m\n\n"}
{"$message_type":"diagnostic","message":"mismatched types","code":{"code":"E0308","explanation":"Expected type did not match the received type.\n\nErroneous code examples:\n\n```compile_fail,E0308\nfn plus_one(x: i32) -> i32 {\n    x + 1\n}\n\nplus_one(\"Not a number\");\n//       ^^^^^^^^^^^^^^ expected `i32`, found `&str`\n\nif \"Not a bool\" {\n// ^^^^^^^^^^^^ expected `bool`, found `&str`\n}\n\nlet x: f32 = \"Not a float\";\n//     ---   ^^^^^^^^^^^^^ expected `f32`, found `&str`\n//     |\n//     expected due to this\n```\n\nThis error occurs when an expression was used in a place where the compiler\nexpected an expression of a different type. It can occur in several cases, the\nmost common being when calling a function and passing an argument which has a\ndifferent type than the matching type in the function declaration.\n"},"level":"error","spans":[{"file_name":"src/handlers/auth.rs","byte_start":2222,"byte_end":2259,"line_start":75,"line_end":75,"column_start":36,"column_end":73,"is_primary":true,"text":[{"text":"    let token = match generate_jwt(user.uuid_user_id.unwrap_or_default()) {","highlight_start":36,"highlight_end":73}],"label":"expected `&str`, found `String`","suggested_replacement":null,"suggestion_applicability":null,"expansion":null},{"file_name":"src/handlers/auth.rs","byte_start":2209,"byte_end":2221,"line_start":75,"line_end":75,"column_start":23,"column_end":35,"is_primary":false,"text":[{"text":"    let token = match generate_jwt(user.uuid_user_id.unwrap_or_default()) {","highlight_start":23,"highlight_end":35}],"label":"arguments to this function are incorrect","suggested_replacement":null,"suggestion_applicability":null,"expansion":null}],"children":[{"message":"function defined here","code":null,"level":"note","spans":[{"file_name":"src/utils/jwt.rs","byte_start":507,"byte_end":520,"line_start":21,"line_end":21,"column_start":21,"column_end":34,"is_primary":false,"text":[{"text":"pub fn generate_jwt(user_id: &str) -> Result<String, JwtError> {","highlight_start":21,"highlight_end":34}],"label":"","suggested_replacement":null,"suggestion_applicability":null,"expansion":null},{"file_name":"src/utils/jwt.rs","byte_start":494,"byte_end":506,"line_start":21,"line_end":21,"column_start":8,"column_end":20,"is_primary":true,"text":[{"text":"pub fn generate_jwt(user_id: &str) -> Result<String, JwtError> {","highlight_start":8,"highlight_end":20}],"label":null,"suggested_replacement":null,"suggestion_applicability":null,"expansion":null}],"children":[],"rendered":null},{"message":"consider borrowing here","code":null,"level":"help","spans":[{"file_name":"src/handlers/auth.rs","byte_start":2222,"byte_end":2222,"line_start":75,"line_end":75,"column_start":36,"column_end":36,"is_primary":true,"text":[{"text":"    let token = match generate_jwt(user.uuid_user_id.unwrap_or_default()) {","highlight_start":36,"highlight_end":36}],"label":null,"suggested_replacement":"&","suggestion_applicability":"MachineApplicable","expansion":null}],"children":[],"rendered":null}],"rendered":"\u001b[0m\u001b[1m\u001b[38;5;9merror[E0308]\u001b[0m\u001b[0m\u001b[1m: mismatched types\u001b[0m\n\u001b[0m  \u001b[0m\u001b[0m\u001b[1m\u001b[38;5;12m--> \u001b[0m\u001b[0msrc/handlers/auth.rs:75:36\u001b[0m\n\u001b[0m   \u001b[0m\u001b[0m\u001b[1m\u001b[38;5;12m|\u001b[0m\n\u001b[0m\u001b[1m\u001b[38;5;12m75\u001b[0m\u001b[0m \u001b[0m\u001b[0m\u001b[1m\u001b[38;5;12m|\u001b[0m\u001b[0m \u001b[0m\u001b[0m    let token = match generate_jwt(user.uuid_user_id.unwrap_or_default()) {\u001b[0m\n\u001b[0m   \u001b[0m\u001b[0m\u001b[1m\u001b[38;5;12m|\u001b[0m\u001b[0m                       \u001b[0m\u001b[0m\u001b[1m\u001b[38;5;12m------------\u001b[0m\u001b[0m \u001b[0m\u001b[0m\u001b[1m\u001b[38;5;9m^^^^^^^^^^^^^^^^^^^^^^^^^^^^^^^^^^^^^\u001b[0m\u001b[0m \u001b[0m\u001b[0m\u001b[1m\u001b[38;5;9mexpected `&str`, found `String`\u001b[0m\n\u001b[0m   \u001b[0m\u001b[0m\u001b[1m\u001b[38;5;12m|\u001b[0m\u001b[0m                       \u001b[0m\u001b[0m\u001b[1m\u001b[38;5;12m|\u001b[0m\n\u001b[0m   \u001b[0m\u001b[0m\u001b[1m\u001b[38;5;12m|\u001b[0m\u001b[0m                       \u001b[0m\u001b[0m\u001b[1m\u001b[38;5;12marguments to this function are incorrect\u001b[0m\n\u001b[0m   \u001b[0m\u001b[0m\u001b[1m\u001b[38;5;12m|\u001b[0m\n\u001b[0m\u001b[1m\u001b[38;5;10mnote\u001b[0m\u001b[0m: function defined here\u001b[0m\n\u001b[0m  \u001b[0m\u001b[0m\u001b[1m\u001b[38;5;12m--> \u001b[0m\u001b[0msrc/utils/jwt.rs:21:8\u001b[0m\n\u001b[0m   \u001b[0m\u001b[0m\u001b[1m\u001b[38;5;12m|\u001b[0m\n\u001b[0m\u001b[1m\u001b[38;5;12m21\u001b[0m\u001b[0m \u001b[0m\u001b[0m\u001b[1m\u001b[38;5;12m|\u001b[0m\u001b[0m \u001b[0m\u001b[0mpub fn generate_jwt(user_id: &str) -> Result<String, JwtError> {\u001b[0m\n\u001b[0m   \u001b[0m\u001b[0m\u001b[1m\u001b[38;5;12m|\u001b[0m\u001b[0m        \u001b[0m\u001b[0m\u001b[1m\u001b[38;5;10m^^^^^^^^^^^^\u001b[0m\u001b[0m \u001b[0m\u001b[0m\u001b[1m\u001b[38;5;12m-------------\u001b[0m\n\u001b[0m\u001b[1m\u001b[38;5;14mhelp\u001b[0m\u001b[0m: consider borrowing here\u001b[0m\n\u001b[0m   \u001b[0m\u001b[0m\u001b[1m\u001b[38;5;12m|\u001b[0m\n\u001b[0m\u001b[1m\u001b[38;5;12m75\u001b[0m\u001b[0m \u001b[0m\u001b[0m\u001b[1m\u001b[38;5;12m| \u001b[0m\u001b[0m    let token = match generate_jwt(\u001b[0m\u001b[0m\u001b[38;5;10m&\u001b[0m\u001b[0muser.uuid_user_id.unwrap_or_default()) {\u001b[0m\n\u001b[0m   \u001b[0m\u001b[0m\u001b[1m\u001b[38;5;12m|\u001b[0m\u001b[0m                                    \u001b[0m\u001b[0m\u001b[38;5;10m+\u001b[0m\n\n"}
{"$message_type":"diagnostic","message":"struct `NewPlace` has no field named `imageUri`","code":{"code":"E0560","explanation":"An unknown field was specified into a structure.\n\nErroneous code example:\n\n```compile_fail,E0560\nstruct Simba {\n    mother: u32,\n}\n\nlet s = Simba { mother: 1, father: 0 };\n// error: structure `Simba` has no field named `father`\n```\n\nVerify you didn't misspell the field's name or that the field exists. Example:\n\n```\nstruct Simba {\n    mother: u32,\n    father: u32,\n}\n\nlet s = Simba { mother: 1, father: 0 }; // ok!\n```\n"},"level":"error","spans":[{"file_name":"src/handlers/places.rs","byte_start":1948,"byte_end":1956,"line_start":62,"line_end":62,"column_start":9,"column_end":17,"is_primary":true,"text":[{"text":"        imageUri: place_data.image_uri.clone(),","highlight_start":9,"highlight_end":17}],"label":"unknown field","suggested_replacement":null,"suggestion_applicability":null,"expansion":null}],"children":[{"message":"a field with a similar name exists","code":null,"level":"help","spans":[{"file_name":"src/handlers/places.rs","byte_start":1948,"byte_end":1956,"line_start":62,"line_end":62,"column_start":9,"column_end":17,"is_primary":true,"text":[{"text":"        imageUri: place_data.image_uri.clone(),","highlight_start":9,"highlight_end":17}],"label":null,"suggested_replacement":"image_uri","suggestion_applicability":"MaybeIncorrect","expansion":null}],"children":[],"rendered":null}],"rendered":"\u001b[0m\u001b[1m\u001b[38;5;9merror[E0560]\u001b[0m\u001b[0m\u001b[1m: struct `NewPlace` has no field named `imageUri`\u001b[0m\n\u001b[0m  \u001b[0m\u001b[0m\u001b[1m\u001b[38;5;12m--> \u001b[0m\u001b[0msrc/handlers/places.rs:62:9\u001b[0m\n\u001b[0m   \u001b[0m\u001b[0m\u001b[1m\u001b[38;5;12m|\u001b[0m\n\u001b[0m\u001b[1m\u001b[38;5;12m62\u001b[0m\u001b[0m \u001b[0m\u001b[0m\u001b[1m\u001b[38;5;12m|\u001b[0m\u001b[0m \u001b[0m\u001b[0m        imageUri: place_data.image_uri.clone(),\u001b[0m\n\u001b[0m   \u001b[0m\u001b[0m\u001b[1m\u001b[38;5;12m|\u001b[0m\u001b[0m         \u001b[0m\u001b[0m\u001b[1m\u001b[38;5;9m^^^^^^^^\u001b[0m\u001b[0m \u001b[0m\u001b[0m\u001b[1m\u001b[38;5;9munknown field\u001b[0m\n\u001b[0m   \u001b[0m\u001b[0m\u001b[1m\u001b[38;5;12m|\u001b[0m\n\u001b[0m\u001b[1m\u001b[38;5;14mhelp\u001b[0m\u001b[0m: a field with a similar name exists\u001b[0m\n\u001b[0m   \u001b[0m\u001b[0m\u001b[1m\u001b[38;5;12m|\u001b[0m\n\u001b[0m\u001b[1m\u001b[38;5;12m62\u001b[0m\u001b[0m \u001b[0m\u001b[0m\u001b[1m\u001b[38;5;12m| \u001b[0m\u001b[0m        \u001b[0m\u001b[0m\u001b[38;5;10mimage_uri\u001b[0m\u001b[0m: place_data.image_uri.clone(),\u001b[0m\n\u001b[0m   \u001b[0m\u001b[0m\u001b[1m\u001b[38;5;12m|\u001b[0m\u001b[0m         \u001b[0m\u001b[0m\u001b[38;5;10m~~~~~~~~~\u001b[0m\n\n"}
{"$message_type":"diagnostic","message":"the trait bound `fn(actix_web::web::Data<Pool<ConnectionManager<MysqlConnection>>>, actix_web::web::Json<RegisterUser>) -> impl std::future::Future<Output = impl Responder> {register_user}: HttpServiceFactory` is not satisfied","code":{"code":"E0277","explanation":"You tried to use a type which doesn't implement some trait in a place which\nexpected that trait.\n\nErroneous code example:\n\n```compile_fail,E0277\n// here we declare the Foo trait with a bar method\ntrait Foo {\n    fn bar(&self);\n}\n\n// we now declare a function which takes an object implementing the Foo trait\nfn some_func<T: Foo>(foo: T) {\n    foo.bar();\n}\n\nfn main() {\n    // we now call the method with the i32 type, which doesn't implement\n    // the Foo trait\n    some_func(5i32); // error: the trait bound `i32 : Foo` is not satisfied\n}\n```\n\nIn order to fix this error, verify that the type you're using does implement\nthe trait. Example:\n\n```\ntrait Foo {\n    fn bar(&self);\n}\n\n// we implement the trait on the i32 type\nimpl Foo for i32 {\n    fn bar(&self) {}\n}\n\nfn some_func<T: Foo>(foo: T) {\n    foo.bar(); // we can now use this method since i32 implements the\n               // Foo trait\n}\n\nfn main() {\n    some_func(5i32); // ok!\n}\n```\n\nOr in a generic context, an erroneous code example would look like:\n\n```compile_fail,E0277\nfn some_func<T>(foo: T) {\n    println!(\"{:?}\", foo); // error: the trait `core::fmt::Debug` is not\n                           //        implemented for the type `T`\n}\n\nfn main() {\n    // We now call the method with the i32 type,\n    // which *does* implement the Debug trait.\n    some_func(5i32);\n}\n```\n\nNote that the error here is in the definition of the generic function. Although\nwe only call it with a parameter that does implement `Debug`, the compiler\nstill rejects the function. It must work with all possible input types. In\norder to make this example compile, we need to restrict the generic type we're\naccepting:\n\n```\nuse std::fmt;\n\n// Restrict the input type to types that implement Debug.\nfn some_func<T: fmt::Debug>(foo: T) {\n    println!(\"{:?}\", foo);\n}\n\nfn main() {\n    // Calling the method is still fine, as i32 implements Debug.\n    some_func(5i32);\n\n    // This would fail to compile now:\n    // struct WithoutDebug;\n    // some_func(WithoutDebug);\n}\n```\n\nRust only looks at the signature of the called function, as such it must\nalready specify all requirements that will be used for every type parameter.\n"},"level":"error","spans":[{"file_name":"src/handlers/auth.rs","byte_start":2892,"byte_end":2905,"line_start":96,"line_end":96,"column_start":17,"column_end":30,"is_primary":true,"text":[{"text":"    cfg.service(register_user)","highlight_start":17,"highlight_end":30}],"label":"the trait `HttpServiceFactory` is not implemented for fn item `fn(Data<Pool<ConnectionManager<...>>>, ...) -> ... {register_user}`","suggested_replacement":null,"suggestion_applicability":null,"expansion":null},{"file_name":"src/handlers/auth.rs","byte_start":2884,"byte_end":2891,"line_start":96,"line_end":96,"column_start":9,"column_end":16,"is_primary":false,"text":[{"text":"    cfg.service(register_user)","highlight_start":9,"highlight_end":16}],"label":"required by a bound introduced by this call","suggested_replacement":null,"suggestion_applicability":null,"expansion":null}],"children":[{"message":"the following other types implement trait `HttpServiceFactory`:\n  (A, B)\n  (A, B, C)\n  (A, B, C, D)\n  (A, B, C, D, E)\n  (A, B, C, D, E, F)\n  (A, B, C, D, E, F, G)\n  (A, B, C, D, E, F, G, H)\n  (A, B, C, D, E, F, G, H, I)\nand 8 others","code":null,"level":"help","spans":[],"children":[],"rendered":null},{"message":"required by a bound in `ServiceConfig::service`","code":null,"level":"note","spans":[{"file_name":"/Users/moriahgray-mccurdy/.cargo/registry/src/index.crates.io-6f17d22bba15001f/actix-web-4.9.0/src/config.rs","byte_start":8060,"byte_end":8067,"line_start":273,"line_end":273,"column_start":12,"column_end":19,"is_primary":false,"text":[{"text":"    pub fn service<F>(&mut self, factory: F) -> &mut Self","highlight_start":12,"highlight_end":19}],"label":"required by a bound in this associated function","suggested_replacement":null,"suggestion_applicability":null,"expansion":null},{"file_name":"/Users/moriahgray-mccurdy/.cargo/registry/src/index.crates.io-6f17d22bba15001f/actix-web-4.9.0/src/config.rs","byte_start":8128,"byte_end":8146,"line_start":275,"line_end":275,"column_start":12,"column_end":30,"is_primary":true,"text":[{"text":"        F: HttpServiceFactory + 'static,","highlight_start":12,"highlight_end":30}],"label":"required by this bound in `ServiceConfig::service`","suggested_replacement":null,"suggestion_applicability":null,"expansion":null}],"children":[],"rendered":null}],"rendered":"\u001b[0m\u001b[1m\u001b[38;5;9merror[E0277]\u001b[0m\u001b[0m\u001b[1m: the trait bound `fn(actix_web::web::Data<Pool<ConnectionManager<MysqlConnection>>>, actix_web::web::Json<RegisterUser>) -> impl std::future::Future<Output = impl Responder> {register_user}: HttpServiceFactory` is not satisfied\u001b[0m\n\u001b[0m   \u001b[0m\u001b[0m\u001b[1m\u001b[38;5;12m--> \u001b[0m\u001b[0msrc/handlers/auth.rs:96:17\u001b[0m\n\u001b[0m    \u001b[0m\u001b[0m\u001b[1m\u001b[38;5;12m|\u001b[0m\n\u001b[0m\u001b[1m\u001b[38;5;12m96\u001b[0m\u001b[0m  \u001b[0m\u001b[0m\u001b[1m\u001b[38;5;12m|\u001b[0m\u001b[0m \u001b[0m\u001b[0m    cfg.service(register_user)\u001b[0m\n\u001b[0m    \u001b[0m\u001b[0m\u001b[1m\u001b[38;5;12m|\u001b[0m\u001b[0m         \u001b[0m\u001b[0m\u001b[1m\u001b[38;5;12m-------\u001b[0m\u001b[0m \u001b[0m\u001b[0m\u001b[1m\u001b[38;5;9m^^^^^^^^^^^^^\u001b[0m\u001b[0m \u001b[0m\u001b[0m\u001b[1m\u001b[38;5;9mthe trait `HttpServiceFactory` is not implemented for fn item `fn(Data<Pool<ConnectionManager<...>>>, ...) -> ... {register_user}`\u001b[0m\n\u001b[0m    \u001b[0m\u001b[0m\u001b[1m\u001b[38;5;12m|\u001b[0m\u001b[0m         \u001b[0m\u001b[0m\u001b[1m\u001b[38;5;12m|\u001b[0m\n\u001b[0m    \u001b[0m\u001b[0m\u001b[1m\u001b[38;5;12m|\u001b[0m\u001b[0m         \u001b[0m\u001b[0m\u001b[1m\u001b[38;5;12mrequired by a bound introduced by this call\u001b[0m\n\u001b[0m    \u001b[0m\u001b[0m\u001b[1m\u001b[38;5;12m|\u001b[0m\n\u001b[0m    \u001b[0m\u001b[0m\u001b[1m\u001b[38;5;12m= \u001b[0m\u001b[0m\u001b[1mhelp\u001b[0m\u001b[0m: the following other types implement trait `HttpServiceFactory`:\u001b[0m\n\u001b[0m              (A, B)\u001b[0m\n\u001b[0m              (A, B, C)\u001b[0m\n\u001b[0m              (A, B, C, D)\u001b[0m\n\u001b[0m              (A, B, C, D, E)\u001b[0m\n\u001b[0m              (A, B, C, D, E, F)\u001b[0m\n\u001b[0m              (A, B, C, D, E, F, G)\u001b[0m\n\u001b[0m              (A, B, C, D, E, F, G, H)\u001b[0m\n\u001b[0m              (A, B, C, D, E, F, G, H, I)\u001b[0m\n\u001b[0m            and 8 others\u001b[0m\n\u001b[0m\u001b[1m\u001b[38;5;10mnote\u001b[0m\u001b[0m: required by a bound in `ServiceConfig::service`\u001b[0m\n\u001b[0m   \u001b[0m\u001b[0m\u001b[1m\u001b[38;5;12m--> \u001b[0m\u001b[0m/Users/moriahgray-mccurdy/.cargo/registry/src/index.crates.io-6f17d22bba15001f/actix-web-4.9.0/src/config.rs:275:12\u001b[0m\n\u001b[0m    \u001b[0m\u001b[0m\u001b[1m\u001b[38;5;12m|\u001b[0m\n\u001b[0m\u001b[1m\u001b[38;5;12m273\u001b[0m\u001b[0m \u001b[0m\u001b[0m\u001b[1m\u001b[38;5;12m|\u001b[0m\u001b[0m \u001b[0m\u001b[0m    pub fn service<F>(&mut self, factory: F) -> &mut Self\u001b[0m\n\u001b[0m    \u001b[0m\u001b[0m\u001b[1m\u001b[38;5;12m|\u001b[0m\u001b[0m            \u001b[0m\u001b[0m\u001b[1m\u001b[38;5;12m-------\u001b[0m\u001b[0m \u001b[0m\u001b[0m\u001b[1m\u001b[38;5;12mrequired by a bound in this associated function\u001b[0m\n\u001b[0m\u001b[1m\u001b[38;5;12m274\u001b[0m\u001b[0m \u001b[0m\u001b[0m\u001b[1m\u001b[38;5;12m|\u001b[0m\u001b[0m \u001b[0m\u001b[0m    where\u001b[0m\n\u001b[0m\u001b[1m\u001b[38;5;12m275\u001b[0m\u001b[0m \u001b[0m\u001b[0m\u001b[1m\u001b[38;5;12m|\u001b[0m\u001b[0m \u001b[0m\u001b[0m        F: HttpServiceFactory + 'static,\u001b[0m\n\u001b[0m    \u001b[0m\u001b[0m\u001b[1m\u001b[38;5;12m|\u001b[0m\u001b[0m            \u001b[0m\u001b[0m\u001b[1m\u001b[38;5;10m^^^^^^^^^^^^^^^^^^\u001b[0m\u001b[0m \u001b[0m\u001b[0m\u001b[1m\u001b[38;5;10mrequired by this bound in `ServiceConfig::service`\u001b[0m\n\n"}
{"$message_type":"diagnostic","message":"the trait bound `fn(actix_web::web::Data<Pool<ConnectionManager<MysqlConnection>>>, actix_web::web::Json<LoginUser>) -> impl std::future::Future<Output = impl Responder> {login_user}: HttpServiceFactory` is not satisfied","code":{"code":"E0277","explanation":"You tried to use a type which doesn't implement some trait in a place which\nexpected that trait.\n\nErroneous code example:\n\n```compile_fail,E0277\n// here we declare the Foo trait with a bar method\ntrait Foo {\n    fn bar(&self);\n}\n\n// we now declare a function which takes an object implementing the Foo trait\nfn some_func<T: Foo>(foo: T) {\n    foo.bar();\n}\n\nfn main() {\n    // we now call the method with the i32 type, which doesn't implement\n    // the Foo trait\n    some_func(5i32); // error: the trait bound `i32 : Foo` is not satisfied\n}\n```\n\nIn order to fix this error, verify that the type you're using does implement\nthe trait. Example:\n\n```\ntrait Foo {\n    fn bar(&self);\n}\n\n// we implement the trait on the i32 type\nimpl Foo for i32 {\n    fn bar(&self) {}\n}\n\nfn some_func<T: Foo>(foo: T) {\n    foo.bar(); // we can now use this method since i32 implements the\n               // Foo trait\n}\n\nfn main() {\n    some_func(5i32); // ok!\n}\n```\n\nOr in a generic context, an erroneous code example would look like:\n\n```compile_fail,E0277\nfn some_func<T>(foo: T) {\n    println!(\"{:?}\", foo); // error: the trait `core::fmt::Debug` is not\n                           //        implemented for the type `T`\n}\n\nfn main() {\n    // We now call the method with the i32 type,\n    // which *does* implement the Debug trait.\n    some_func(5i32);\n}\n```\n\nNote that the error here is in the definition of the generic function. Although\nwe only call it with a parameter that does implement `Debug`, the compiler\nstill rejects the function. It must work with all possible input types. In\norder to make this example compile, we need to restrict the generic type we're\naccepting:\n\n```\nuse std::fmt;\n\n// Restrict the input type to types that implement Debug.\nfn some_func<T: fmt::Debug>(foo: T) {\n    println!(\"{:?}\", foo);\n}\n\nfn main() {\n    // Calling the method is still fine, as i32 implements Debug.\n    some_func(5i32);\n\n    // This would fail to compile now:\n    // struct WithoutDebug;\n    // some_func(WithoutDebug);\n}\n```\n\nRust only looks at the signature of the called function, as such it must\nalready specify all requirements that will be used for every type parameter.\n"},"level":"error","spans":[{"file_name":"src/handlers/auth.rs","byte_start":2924,"byte_end":2934,"line_start":97,"line_end":97,"column_start":18,"column_end":28,"is_primary":true,"text":[{"text":"        .service(login_user)","highlight_start":18,"highlight_end":28}],"label":"the trait `HttpServiceFactory` is not implemented for fn item `fn(Data<Pool<ConnectionManager<...>>>, ...) -> ... {login_user}`","suggested_replacement":null,"suggestion_applicability":null,"expansion":null},{"file_name":"src/handlers/auth.rs","byte_start":2916,"byte_end":2923,"line_start":97,"line_end":97,"column_start":10,"column_end":17,"is_primary":false,"text":[{"text":"        .service(login_user)","highlight_start":10,"highlight_end":17}],"label":"required by a bound introduced by this call","suggested_replacement":null,"suggestion_applicability":null,"expansion":null}],"children":[{"message":"the following other types implement trait `HttpServiceFactory`:\n  (A, B)\n  (A, B, C)\n  (A, B, C, D)\n  (A, B, C, D, E)\n  (A, B, C, D, E, F)\n  (A, B, C, D, E, F, G)\n  (A, B, C, D, E, F, G, H)\n  (A, B, C, D, E, F, G, H, I)\nand 8 others","code":null,"level":"help","spans":[],"children":[],"rendered":null},{"message":"required by a bound in `ServiceConfig::service`","code":null,"level":"note","spans":[{"file_name":"/Users/moriahgray-mccurdy/.cargo/registry/src/index.crates.io-6f17d22bba15001f/actix-web-4.9.0/src/config.rs","byte_start":8060,"byte_end":8067,"line_start":273,"line_end":273,"column_start":12,"column_end":19,"is_primary":false,"text":[{"text":"    pub fn service<F>(&mut self, factory: F) -> &mut Self","highlight_start":12,"highlight_end":19}],"label":"required by a bound in this associated function","suggested_replacement":null,"suggestion_applicability":null,"expansion":null},{"file_name":"/Users/moriahgray-mccurdy/.cargo/registry/src/index.crates.io-6f17d22bba15001f/actix-web-4.9.0/src/config.rs","byte_start":8128,"byte_end":8146,"line_start":275,"line_end":275,"column_start":12,"column_end":30,"is_primary":true,"text":[{"text":"        F: HttpServiceFactory + 'static,","highlight_start":12,"highlight_end":30}],"label":"required by this bound in `ServiceConfig::service`","suggested_replacement":null,"suggestion_applicability":null,"expansion":null}],"children":[],"rendered":null}],"rendered":"\u001b[0m\u001b[1m\u001b[38;5;9merror[E0277]\u001b[0m\u001b[0m\u001b[1m: the trait bound `fn(actix_web::web::Data<Pool<ConnectionManager<MysqlConnection>>>, actix_web::web::Json<LoginUser>) -> impl std::future::Future<Output = impl Responder> {login_user}: HttpServiceFactory` is not satisfied\u001b[0m\n\u001b[0m   \u001b[0m\u001b[0m\u001b[1m\u001b[38;5;12m--> \u001b[0m\u001b[0msrc/handlers/auth.rs:97:18\u001b[0m\n\u001b[0m    \u001b[0m\u001b[0m\u001b[1m\u001b[38;5;12m|\u001b[0m\n\u001b[0m\u001b[1m\u001b[38;5;12m97\u001b[0m\u001b[0m  \u001b[0m\u001b[0m\u001b[1m\u001b[38;5;12m|\u001b[0m\u001b[0m \u001b[0m\u001b[0m        .service(login_user)\u001b[0m\n\u001b[0m    \u001b[0m\u001b[0m\u001b[1m\u001b[38;5;12m|\u001b[0m\u001b[0m          \u001b[0m\u001b[0m\u001b[1m\u001b[38;5;12m-------\u001b[0m\u001b[0m \u001b[0m\u001b[0m\u001b[1m\u001b[38;5;9m^^^^^^^^^^\u001b[0m\u001b[0m \u001b[0m\u001b[0m\u001b[1m\u001b[38;5;9mthe trait `HttpServiceFactory` is not implemented for fn item `fn(Data<Pool<ConnectionManager<...>>>, ...) -> ... {login_user}`\u001b[0m\n\u001b[0m    \u001b[0m\u001b[0m\u001b[1m\u001b[38;5;12m|\u001b[0m\u001b[0m          \u001b[0m\u001b[0m\u001b[1m\u001b[38;5;12m|\u001b[0m\n\u001b[0m    \u001b[0m\u001b[0m\u001b[1m\u001b[38;5;12m|\u001b[0m\u001b[0m          \u001b[0m\u001b[0m\u001b[1m\u001b[38;5;12mrequired by a bound introduced by this call\u001b[0m\n\u001b[0m    \u001b[0m\u001b[0m\u001b[1m\u001b[38;5;12m|\u001b[0m\n\u001b[0m    \u001b[0m\u001b[0m\u001b[1m\u001b[38;5;12m= \u001b[0m\u001b[0m\u001b[1mhelp\u001b[0m\u001b[0m: the following other types implement trait `HttpServiceFactory`:\u001b[0m\n\u001b[0m              (A, B)\u001b[0m\n\u001b[0m              (A, B, C)\u001b[0m\n\u001b[0m              (A, B, C, D)\u001b[0m\n\u001b[0m              (A, B, C, D, E)\u001b[0m\n\u001b[0m              (A, B, C, D, E, F)\u001b[0m\n\u001b[0m              (A, B, C, D, E, F, G)\u001b[0m\n\u001b[0m              (A, B, C, D, E, F, G, H)\u001b[0m\n\u001b[0m              (A, B, C, D, E, F, G, H, I)\u001b[0m\n\u001b[0m            and 8 others\u001b[0m\n\u001b[0m\u001b[1m\u001b[38;5;10mnote\u001b[0m\u001b[0m: required by a bound in `ServiceConfig::service`\u001b[0m\n\u001b[0m   \u001b[0m\u001b[0m\u001b[1m\u001b[38;5;12m--> \u001b[0m\u001b[0m/Users/moriahgray-mccurdy/.cargo/registry/src/index.crates.io-6f17d22bba15001f/actix-web-4.9.0/src/config.rs:275:12\u001b[0m\n\u001b[0m    \u001b[0m\u001b[0m\u001b[1m\u001b[38;5;12m|\u001b[0m\n\u001b[0m\u001b[1m\u001b[38;5;12m273\u001b[0m\u001b[0m \u001b[0m\u001b[0m\u001b[1m\u001b[38;5;12m|\u001b[0m\u001b[0m \u001b[0m\u001b[0m    pub fn service<F>(&mut self, factory: F) -> &mut Self\u001b[0m\n\u001b[0m    \u001b[0m\u001b[0m\u001b[1m\u001b[38;5;12m|\u001b[0m\u001b[0m            \u001b[0m\u001b[0m\u001b[1m\u001b[38;5;12m-------\u001b[0m\u001b[0m \u001b[0m\u001b[0m\u001b[1m\u001b[38;5;12mrequired by a bound in this associated function\u001b[0m\n\u001b[0m\u001b[1m\u001b[38;5;12m274\u001b[0m\u001b[0m \u001b[0m\u001b[0m\u001b[1m\u001b[38;5;12m|\u001b[0m\u001b[0m \u001b[0m\u001b[0m    where\u001b[0m\n\u001b[0m\u001b[1m\u001b[38;5;12m275\u001b[0m\u001b[0m \u001b[0m\u001b[0m\u001b[1m\u001b[38;5;12m|\u001b[0m\u001b[0m \u001b[0m\u001b[0m        F: HttpServiceFactory + 'static,\u001b[0m\n\u001b[0m    \u001b[0m\u001b[0m\u001b[1m\u001b[38;5;12m|\u001b[0m\u001b[0m            \u001b[0m\u001b[0m\u001b[1m\u001b[38;5;10m^^^^^^^^^^^^^^^^^^\u001b[0m\u001b[0m \u001b[0m\u001b[0m\u001b[1m\u001b[38;5;10mrequired by this bound in `ServiceConfig::service`\u001b[0m\n\n"}
{"$message_type":"diagnostic","message":"the trait bound `fn(HeaderMap) -> impl std::future::Future<Output = impl Responder> {verify_auth}: HttpServiceFactory` is not satisfied","code":{"code":"E0277","explanation":"You tried to use a type which doesn't implement some trait in a place which\nexpected that trait.\n\nErroneous code example:\n\n```compile_fail,E0277\n// here we declare the Foo trait with a bar method\ntrait Foo {\n    fn bar(&self);\n}\n\n// we now declare a function which takes an object implementing the Foo trait\nfn some_func<T: Foo>(foo: T) {\n    foo.bar();\n}\n\nfn main() {\n    // we now call the method with the i32 type, which doesn't implement\n    // the Foo trait\n    some_func(5i32); // error: the trait bound `i32 : Foo` is not satisfied\n}\n```\n\nIn order to fix this error, verify that the type you're using does implement\nthe trait. Example:\n\n```\ntrait Foo {\n    fn bar(&self);\n}\n\n// we implement the trait on the i32 type\nimpl Foo for i32 {\n    fn bar(&self) {}\n}\n\nfn some_func<T: Foo>(foo: T) {\n    foo.bar(); // we can now use this method since i32 implements the\n               // Foo trait\n}\n\nfn main() {\n    some_func(5i32); // ok!\n}\n```\n\nOr in a generic context, an erroneous code example would look like:\n\n```compile_fail,E0277\nfn some_func<T>(foo: T) {\n    println!(\"{:?}\", foo); // error: the trait `core::fmt::Debug` is not\n                           //        implemented for the type `T`\n}\n\nfn main() {\n    // We now call the method with the i32 type,\n    // which *does* implement the Debug trait.\n    some_func(5i32);\n}\n```\n\nNote that the error here is in the definition of the generic function. Although\nwe only call it with a parameter that does implement `Debug`, the compiler\nstill rejects the function. It must work with all possible input types. In\norder to make this example compile, we need to restrict the generic type we're\naccepting:\n\n```\nuse std::fmt;\n\n// Restrict the input type to types that implement Debug.\nfn some_func<T: fmt::Debug>(foo: T) {\n    println!(\"{:?}\", foo);\n}\n\nfn main() {\n    // Calling the method is still fine, as i32 implements Debug.\n    some_func(5i32);\n\n    // This would fail to compile now:\n    // struct WithoutDebug;\n    // some_func(WithoutDebug);\n}\n```\n\nRust only looks at the signature of the called function, as such it must\nalready specify all requirements that will be used for every type parameter.\n"},"level":"error","spans":[{"file_name":"src/handlers/auth.rs","byte_start":2953,"byte_end":2964,"line_start":98,"line_end":98,"column_start":18,"column_end":29,"is_primary":true,"text":[{"text":"        .service(verify_auth);","highlight_start":18,"highlight_end":29}],"label":"unsatisfied trait bound","suggested_replacement":null,"suggestion_applicability":null,"expansion":null},{"file_name":"src/handlers/auth.rs","byte_start":2945,"byte_end":2952,"line_start":98,"line_end":98,"column_start":10,"column_end":17,"is_primary":false,"text":[{"text":"        .service(verify_auth);","highlight_start":10,"highlight_end":17}],"label":"required by a bound introduced by this call","suggested_replacement":null,"suggestion_applicability":null,"expansion":null}],"children":[{"message":"the trait `HttpServiceFactory` is not implemented for fn item `fn(HeaderMap) -> impl std::future::Future<Output = impl Responder> {verify_auth}`","code":null,"level":"help","spans":[],"children":[],"rendered":null},{"message":"the following other types implement trait `HttpServiceFactory`:\n  (A, B)\n  (A, B, C)\n  (A, B, C, D)\n  (A, B, C, D, E)\n  (A, B, C, D, E, F)\n  (A, B, C, D, E, F, G)\n  (A, B, C, D, E, F, G, H)\n  (A, B, C, D, E, F, G, H, I)\nand 8 others","code":null,"level":"help","spans":[],"children":[],"rendered":null},{"message":"required by a bound in `ServiceConfig::service`","code":null,"level":"note","spans":[{"file_name":"/Users/moriahgray-mccurdy/.cargo/registry/src/index.crates.io-6f17d22bba15001f/actix-web-4.9.0/src/config.rs","byte_start":8060,"byte_end":8067,"line_start":273,"line_end":273,"column_start":12,"column_end":19,"is_primary":false,"text":[{"text":"    pub fn service<F>(&mut self, factory: F) -> &mut Self","highlight_start":12,"highlight_end":19}],"label":"required by a bound in this associated function","suggested_replacement":null,"suggestion_applicability":null,"expansion":null},{"file_name":"/Users/moriahgray-mccurdy/.cargo/registry/src/index.crates.io-6f17d22bba15001f/actix-web-4.9.0/src/config.rs","byte_start":8128,"byte_end":8146,"line_start":275,"line_end":275,"column_start":12,"column_end":30,"is_primary":true,"text":[{"text":"        F: HttpServiceFactory + 'static,","highlight_start":12,"highlight_end":30}],"label":"required by this bound in `ServiceConfig::service`","suggested_replacement":null,"suggestion_applicability":null,"expansion":null}],"children":[],"rendered":null}],"rendered":"\u001b[0m\u001b[1m\u001b[38;5;9merror[E0277]\u001b[0m\u001b[0m\u001b[1m: the trait bound `fn(HeaderMap) -> impl std::future::Future<Output = impl Responder> {verify_auth}: HttpServiceFactory` is not satisfied\u001b[0m\n\u001b[0m   \u001b[0m\u001b[0m\u001b[1m\u001b[38;5;12m--> \u001b[0m\u001b[0msrc/handlers/auth.rs:98:18\u001b[0m\n\u001b[0m    \u001b[0m\u001b[0m\u001b[1m\u001b[38;5;12m|\u001b[0m\n\u001b[0m\u001b[1m\u001b[38;5;12m98\u001b[0m\u001b[0m  \u001b[0m\u001b[0m\u001b[1m\u001b[38;5;12m|\u001b[0m\u001b[0m \u001b[0m\u001b[0m        .service(verify_auth);\u001b[0m\n\u001b[0m    \u001b[0m\u001b[0m\u001b[1m\u001b[38;5;12m|\u001b[0m\u001b[0m          \u001b[0m\u001b[0m\u001b[1m\u001b[38;5;12m-------\u001b[0m\u001b[0m \u001b[0m\u001b[0m\u001b[1m\u001b[38;5;9m^^^^^^^^^^^\u001b[0m\u001b[0m \u001b[0m\u001b[0m\u001b[1m\u001b[38;5;9munsatisfied trait bound\u001b[0m\n\u001b[0m    \u001b[0m\u001b[0m\u001b[1m\u001b[38;5;12m|\u001b[0m\u001b[0m          \u001b[0m\u001b[0m\u001b[1m\u001b[38;5;12m|\u001b[0m\n\u001b[0m    \u001b[0m\u001b[0m\u001b[1m\u001b[38;5;12m|\u001b[0m\u001b[0m          \u001b[0m\u001b[0m\u001b[1m\u001b[38;5;12mrequired by a bound introduced by this call\u001b[0m\n\u001b[0m    \u001b[0m\u001b[0m\u001b[1m\u001b[38;5;12m|\u001b[0m\n\u001b[0m    \u001b[0m\u001b[0m\u001b[1m\u001b[38;5;12m= \u001b[0m\u001b[0m\u001b[1mhelp\u001b[0m\u001b[0m: the trait `HttpServiceFactory` is not implemented for fn item `fn(HeaderMap) -> impl std::future::Future<Output = impl Responder> {verify_auth}`\u001b[0m\n\u001b[0m    \u001b[0m\u001b[0m\u001b[1m\u001b[38;5;12m= \u001b[0m\u001b[0m\u001b[1mhelp\u001b[0m\u001b[0m: the following other types implement trait `HttpServiceFactory`:\u001b[0m\n\u001b[0m              (A, B)\u001b[0m\n\u001b[0m              (A, B, C)\u001b[0m\n\u001b[0m              (A, B, C, D)\u001b[0m\n\u001b[0m              (A, B, C, D, E)\u001b[0m\n\u001b[0m              (A, B, C, D, E, F)\u001b[0m\n\u001b[0m              (A, B, C, D, E, F, G)\u001b[0m\n\u001b[0m              (A, B, C, D, E, F, G, H)\u001b[0m\n\u001b[0m              (A, B, C, D, E, F, G, H, I)\u001b[0m\n\u001b[0m            and 8 others\u001b[0m\n\u001b[0m\u001b[1m\u001b[38;5;10mnote\u001b[0m\u001b[0m: required by a bound in `ServiceConfig::service`\u001b[0m\n\u001b[0m   \u001b[0m\u001b[0m\u001b[1m\u001b[38;5;12m--> \u001b[0m\u001b[0m/Users/moriahgray-mccurdy/.cargo/registry/src/index.crates.io-6f17d22bba15001f/actix-web-4.9.0/src/config.rs:275:12\u001b[0m\n\u001b[0m    \u001b[0m\u001b[0m\u001b[1m\u001b[38;5;12m|\u001b[0m\n\u001b[0m\u001b[1m\u001b[38;5;12m273\u001b[0m\u001b[0m \u001b[0m\u001b[0m\u001b[1m\u001b[38;5;12m|\u001b[0m\u001b[0m \u001b[0m\u001b[0m    pub fn service<F>(&mut self, factory: F) -> &mut Self\u001b[0m\n\u001b[0m    \u001b[0m\u001b[0m\u001b[1m\u001b[38;5;12m|\u001b[0m\u001b[0m            \u001b[0m\u001b[0m\u001b[1m\u001b[38;5;12m-------\u001b[0m\u001b[0m \u001b[0m\u001b[0m\u001b[1m\u001b[38;5;12mrequired by a bound in this associated function\u001b[0m\n\u001b[0m\u001b[1m\u001b[38;5;12m274\u001b[0m\u001b[0m \u001b[0m\u001b[0m\u001b[1m\u001b[38;5;12m|\u001b[0m\u001b[0m \u001b[0m\u001b[0m    where\u001b[0m\n\u001b[0m\u001b[1m\u001b[38;5;12m275\u001b[0m\u001b[0m \u001b[0m\u001b[0m\u001b[1m\u001b[38;5;12m|\u001b[0m\u001b[0m \u001b[0m\u001b[0m        F: HttpServiceFactory + 'static,\u001b[0m\n\u001b[0m    \u001b[0m\u001b[0m\u001b[1m\u001b[38;5;12m|\u001b[0m\u001b[0m            \u001b[0m\u001b[0m\u001b[1m\u001b[38;5;10m^^^^^^^^^^^^^^^^^^\u001b[0m\u001b[0m \u001b[0m\u001b[0m\u001b[1m\u001b[38;5;10mrequired by this bound in `ServiceConfig::service`\u001b[0m\n\n"}
{"$message_type":"diagnostic","message":"aborting due to 20 previous errors; 1 warning emitted","code":null,"level":"error","spans":[],"children":[],"rendered":"\u001b[0m\u001b[1m\u001b[38;5;9merror\u001b[0m\u001b[0m\u001b[1m: aborting due to 20 previous errors; 1 warning emitted\u001b[0m\n\n"}
{"$message_type":"diagnostic","message":"Some errors have detailed explanations: E0277, E0308, E0412, E0425, E0433, E0560.","code":null,"level":"failure-note","spans":[],"children":[],"rendered":"\u001b[0m\u001b[1mSome errors have detailed explanations: E0277, E0308, E0412, E0425, E0433, E0560.\u001b[0m\n"}
{"$message_type":"diagnostic","message":"For more information about an error, try `rustc --explain E0277`.","code":null,"level":"failure-note","spans":[],"children":[],"rendered":"\u001b[0m\u001b[1mFor more information about an error, try `rustc --explain E0277`.\u001b[0m\n"}
